<!DOCTYPE html>
<html>
  <head>
    <meta charset="utf-8"/>
    <title>Test Report</title>
    <link href="assets/style.css" rel="stylesheet" type="text/css"/></head>
  <body onLoad="init()">
    <script>/* This Source Code Form is subject to the terms of the Mozilla Public
 * License, v. 2.0. If a copy of the MPL was not distributed with this file,
 * You can obtain one at http://mozilla.org/MPL/2.0/. */


function toArray(iter) {
    if (iter === null) {
        return null;
    }
    return Array.prototype.slice.call(iter);
}

function find(selector, elem) {
    if (!elem) {
        elem = document;
    }
    return elem.querySelector(selector);
}

function find_all(selector, elem) {
    if (!elem) {
        elem = document;
    }
    return toArray(elem.querySelectorAll(selector));
}

function sort_column(elem) {
    toggle_sort_states(elem);
    var colIndex = toArray(elem.parentNode.childNodes).indexOf(elem);
    var key;
    if (elem.classList.contains('numeric')) {
        key = key_num;
    } else if (elem.classList.contains('result')) {
        key = key_result;
    } else {
        key = key_alpha;
    }
    sort_table(elem, key(colIndex));
}

function show_all_extras() {
    find_all('.col-result').forEach(show_extras);
}

function hide_all_extras() {
    find_all('.col-result').forEach(hide_extras);
}

function show_extras(colresult_elem) {
    var extras = colresult_elem.parentNode.nextElementSibling;
    var expandcollapse = colresult_elem.firstElementChild;
    extras.classList.remove("collapsed");
    expandcollapse.classList.remove("expander");
    expandcollapse.classList.add("collapser");
}

function hide_extras(colresult_elem) {
    var extras = colresult_elem.parentNode.nextElementSibling;
    var expandcollapse = colresult_elem.firstElementChild;
    extras.classList.add("collapsed");
    expandcollapse.classList.remove("collapser");
    expandcollapse.classList.add("expander");
}

function show_filters() {
    var filter_items = document.getElementsByClassName('filter');
    for (var i = 0; i < filter_items.length; i++)
        filter_items[i].hidden = false;
}

function add_collapse() {
    // Add links for show/hide all
    var resulttable = find('table#results-table');
    var showhideall = document.createElement("p");
    showhideall.innerHTML = '<a href="javascript:show_all_extras()">Show all details</a> / ' +
                            '<a href="javascript:hide_all_extras()">Hide all details</a>';
    resulttable.parentElement.insertBefore(showhideall, resulttable);

    // Add show/hide link to each result
    find_all('.col-result').forEach(function(elem) {
        var collapsed = get_query_parameter('collapsed') || 'Passed';
        var extras = elem.parentNode.nextElementSibling;
        var expandcollapse = document.createElement("span");
        if (collapsed.includes(elem.innerHTML)) {
            extras.classList.add("collapsed");
            expandcollapse.classList.add("expander");
        } else {
            expandcollapse.classList.add("collapser");
        }
        elem.appendChild(expandcollapse);

        elem.addEventListener("click", function(event) {
            if (event.currentTarget.parentNode.nextElementSibling.classList.contains("collapsed")) {
                show_extras(event.currentTarget);
            } else {
                hide_extras(event.currentTarget);
            }
        });
    })
}

function get_query_parameter(name) {
    var match = RegExp('[?&]' + name + '=([^&]*)').exec(window.location.search);
    return match && decodeURIComponent(match[1].replace(/\+/g, ' '));
}

function init () {
    reset_sort_headers();

    add_collapse();

    show_filters();

    toggle_sort_states(find('.initial-sort'));

    find_all('.sortable').forEach(function(elem) {
        elem.addEventListener("click",
                              function(event) {
                                  sort_column(elem);
                              }, false)
    });

};

function sort_table(clicked, key_func) {
    var rows = find_all('.results-table-row');
    var reversed = !clicked.classList.contains('asc');
    var sorted_rows = sort(rows, key_func, reversed);
    /* Whole table is removed here because browsers acts much slower
     * when appending existing elements.
     */
    var thead = document.getElementById("results-table-head");
    document.getElementById('results-table').remove();
    var parent = document.createElement("table");
    parent.id = "results-table";
    parent.appendChild(thead);
    sorted_rows.forEach(function(elem) {
        parent.appendChild(elem);
    });
    document.getElementsByTagName("BODY")[0].appendChild(parent);
}

function sort(items, key_func, reversed) {
    var sort_array = items.map(function(item, i) {
        return [key_func(item), i];
    });
    var multiplier = reversed ? -1 : 1;

    sort_array.sort(function(a, b) {
        var key_a = a[0];
        var key_b = b[0];
        return multiplier * (key_a >= key_b ? 1 : -1);
    });

    return sort_array.map(function(item) {
        var index = item[1];
        return items[index];
    });
}

function key_alpha(col_index) {
    return function(elem) {
        return elem.childNodes[1].childNodes[col_index].firstChild.data.toLowerCase();
    };
}

function key_num(col_index) {
    return function(elem) {
        return parseFloat(elem.childNodes[1].childNodes[col_index].firstChild.data);
    };
}

function key_result(col_index) {
    return function(elem) {
        var strings = ['Error', 'Failed', 'Rerun', 'XFailed', 'XPassed',
                       'Skipped', 'Passed'];
        return strings.indexOf(elem.childNodes[1].childNodes[col_index].firstChild.data);
    };
}

function reset_sort_headers() {
    find_all('.sort-icon').forEach(function(elem) {
        elem.parentNode.removeChild(elem);
    });
    find_all('.sortable').forEach(function(elem) {
        var icon = document.createElement("div");
        icon.className = "sort-icon";
        icon.textContent = "vvv";
        elem.insertBefore(icon, elem.firstChild);
        elem.classList.remove("desc", "active");
        elem.classList.add("asc", "inactive");
    });
}

function toggle_sort_states(elem) {
    //if active, toggle between asc and desc
    if (elem.classList.contains('active')) {
        elem.classList.toggle('asc');
        elem.classList.toggle('desc');
    }

    //if inactive, reset all other functions and add ascending active
    if (elem.classList.contains('inactive')) {
        reset_sort_headers();
        elem.classList.remove('inactive');
        elem.classList.add('active');
    }
}

function is_all_rows_hidden(value) {
  return value.hidden == false;
}

function filter_table(elem) {
    var outcome_att = "data-test-result";
    var outcome = elem.getAttribute(outcome_att);
    class_outcome = outcome + " results-table-row";
    var outcome_rows = document.getElementsByClassName(class_outcome);

    for(var i = 0; i < outcome_rows.length; i++){
        outcome_rows[i].hidden = !elem.checked;
    }

    var rows = find_all('.results-table-row').filter(is_all_rows_hidden);
    var all_rows_hidden = rows.length == 0 ? true : false;
    var not_found_message = document.getElementById("not-found-message");
    not_found_message.hidden = !all_rows_hidden;
}
</script>
    <h1>report_name</h1>
    <p>Report generated on 07-Aug-2019 at 14:42:16 by <a href="https://pypi.python.org/pypi/pytest-html">pytest-html</a> v1.20.0</p>
    <h2>Environment</h2>
    <table id="environment">
      <tr>
        <td>JAVA_HOME</td>
        <td>C:\Program Files\Java\jdk1.8.0_201</td></tr>
      <tr>
        <td>Packages</td>
        <td>{&apos;pytest&apos;: &apos;4.0.2&apos;, &apos;py&apos;: &apos;1.8.0&apos;, &apos;pluggy&apos;: &apos;0.9.0&apos;}</td></tr>
      <tr>
        <td>Platform</td>
        <td>Windows-10-10.0.17763-SP0</td></tr>
      <tr>
        <td>Plugins</td>
        <td>{&apos;rerunfailures&apos;: &apos;7.0&apos;, &apos;metadata&apos;: &apos;1.8.0&apos;, &apos;html&apos;: &apos;1.20.0&apos;, &apos;cov&apos;: &apos;2.6.1&apos;, &apos;allure-adaptor&apos;: &apos;1.7.10&apos;}</td></tr>
      <tr>
        <td>Python</td>
        <td>3.7.2</td></tr></table>
    <h2>Summary</h2>
    <p>0 tests ran in 17.53 seconds. </p>
    <p class="filter" hidden="true">(Un)check the boxes to filter the results.</p><input checked="true" class="filter" data-test-result="passed" disabled="true" hidden="true" name="filter_checkbox" onChange="filter_table(this)" type="checkbox"/><span class="passed">0 passed</span>, <input checked="true" class="filter" data-test-result="skipped" disabled="true" hidden="true" name="filter_checkbox" onChange="filter_table(this)" type="checkbox"/><span class="skipped">0 skipped</span>, <input checked="true" class="filter" data-test-result="failed" disabled="true" hidden="true" name="filter_checkbox" onChange="filter_table(this)" type="checkbox"/><span class="failed">0 failed</span>, <input checked="true" class="filter" data-test-result="error" hidden="true" name="filter_checkbox" onChange="filter_table(this)" type="checkbox"/><span class="error">1 errors</span>, <input checked="true" class="filter" data-test-result="xfailed" disabled="true" hidden="true" name="filter_checkbox" onChange="filter_table(this)" type="checkbox"/><span class="xfailed">0 expected failures</span>, <input checked="true" class="filter" data-test-result="xpassed" disabled="true" hidden="true" name="filter_checkbox" onChange="filter_table(this)" type="checkbox"/><span class="xpassed">0 unexpected passes</span>, <input checked="true" class="filter" data-test-result="rerun" hidden="true" name="filter_checkbox" onChange="filter_table(this)" type="checkbox"/><span class="rerun">2 rerun</span>
    <h2>Results</h2>
    <table id="results-table">
      <thead id="results-table-head">
        <tr>
          <th class="sortable result initial-sort" col="result">Result</th>
          <th class="sortable" col="name">Test</th>
          <th class="sortable numeric" col="duration">Duration</th>
          <th>Links</th></tr>
        <tr hidden="true" id="not-found-message">
          <th colspan="4">No results found. Try to check the filters</th></tr></thead>
      <tbody class="error results-table-row">
        <tr>
          <td class="col-result">Error</td>
          <td class="col-name">TestCase/test_submitClues.py::TestSubmintClues::test_submintClues_sucess::setup</td>
          <td class="col-duration">5.01</td>
          <td class="col-links"></td></tr>
        <tr>
          <td class="extra" colspan="4">
            <div class="log">self = &lt;urllib3.connection.HTTPConnection object at 0x0000026564603470&gt;<br/><br/>    def _new_conn(self):<br/>        &quot;&quot;&quot; Establish a socket connection and set nodelay settings on it.<br/>    <br/>        :return: New socket connection.<br/>        &quot;&quot;&quot;<br/>        extra_kw = {}<br/>        if self.source_address:<br/>            extra_kw[&#x27;source_address&#x27;] = self.source_address<br/>    <br/>        if self.socket_options:<br/>            extra_kw[&#x27;socket_options&#x27;] = self.socket_options<br/>    <br/>        try:<br/>            conn = connection.create_connection(<br/>&gt;               (self._dns_host, self.port), self.timeout, **extra_kw)<br/><br/>E:\liang\tools\python3.7.2\lib\site-packages\urllib3\connection.py:159: <br/>_ _ _ _ _ _ _ _ _ _ _ _ _ _ _ _ _ _ _ _ _ _ _ _ _ _ _ _ _ _ _ _ _ _ _ _ _ _ _ _<br/><br/>address = (&#x27;127.0.0.1&#x27;, 4723), timeout = &lt;object object at 0x000002655FE7E430&gt;<br/>source_address = None, socket_options = [(6, 1, 1)]<br/><br/>    def create_connection(address, timeout=socket._GLOBAL_DEFAULT_TIMEOUT,<br/>                          source_address=None, socket_options=None):<br/>        &quot;&quot;&quot;Connect to *address* and return the socket object.<br/>    <br/>        Convenience function.  Connect to *address* (a 2-tuple ``(host,<br/>        port)``) and return the socket object.  Passing the optional<br/>        *timeout* parameter will set the timeout on the socket instance<br/>        before attempting to connect.  If no *timeout* is supplied, the<br/>        global default timeout setting returned by :func:`getdefaulttimeout`<br/>        is used.  If *source_address* is set it must be a tuple of (host, port)<br/>        for the socket to bind as a source address before making the connection.<br/>        An host of &#x27;&#x27; or port 0 tells the OS to use the default.<br/>        &quot;&quot;&quot;<br/>    <br/>        host, port = address<br/>        if host.startswith(&#x27;[&#x27;):<br/>            host = host.strip(&#x27;[]&#x27;)<br/>        err = None<br/>    <br/>        # Using the value from allowed_gai_family() in the context of getaddrinfo lets<br/>        # us select whether to work with IPv4 DNS records, IPv6 records, or both.<br/>        # The original create_connection function always returns all records.<br/>        family = allowed_gai_family()<br/>    <br/>        for res in socket.getaddrinfo(host, port, family, socket.SOCK_STREAM):<br/>            af, socktype, proto, canonname, sa = res<br/>            sock = None<br/>            try:<br/>                sock = socket.socket(af, socktype, proto)<br/>    <br/>                # If provided, set socket level options before connecting.<br/>                _set_socket_options(sock, socket_options)<br/>    <br/>                if timeout is not socket._GLOBAL_DEFAULT_TIMEOUT:<br/>                    sock.settimeout(timeout)<br/>                if source_address:<br/>                    sock.bind(source_address)<br/>                sock.connect(sa)<br/>                return sock<br/>    <br/>            except socket.error as e:<br/>                err = e<br/>                if sock is not None:<br/>                    sock.close()<br/>                    sock = None<br/>    <br/>        if err is not None:<br/>&gt;           raise err<br/><br/>E:\liang\tools\python3.7.2\lib\site-packages\urllib3\util\connection.py:80: <br/>_ _ _ _ _ _ _ _ _ _ _ _ _ _ _ _ _ _ _ _ _ _ _ _ _ _ _ _ _ _ _ _ _ _ _ _ _ _ _ _<br/><br/>address = (&#x27;127.0.0.1&#x27;, 4723), timeout = &lt;object object at 0x000002655FE7E430&gt;<br/>source_address = None, socket_options = [(6, 1, 1)]<br/><br/>    def create_connection(address, timeout=socket._GLOBAL_DEFAULT_TIMEOUT,<br/>                          source_address=None, socket_options=None):<br/>        &quot;&quot;&quot;Connect to *address* and return the socket object.<br/>    <br/>        Convenience function.  Connect to *address* (a 2-tuple ``(host,<br/>        port)``) and return the socket object.  Passing the optional<br/>        *timeout* parameter will set the timeout on the socket instance<br/>        before attempting to connect.  If no *timeout* is supplied, the<br/>        global default timeout setting returned by :func:`getdefaulttimeout`<br/>        is used.  If *source_address* is set it must be a tuple of (host, port)<br/>        for the socket to bind as a source address before making the connection.<br/>        An host of &#x27;&#x27; or port 0 tells the OS to use the default.<br/>        &quot;&quot;&quot;<br/>    <br/>        host, port = address<br/>        if host.startswith(&#x27;[&#x27;):<br/>            host = host.strip(&#x27;[]&#x27;)<br/>        err = None<br/>    <br/>        # Using the value from allowed_gai_family() in the context of getaddrinfo lets<br/>        # us select whether to work with IPv4 DNS records, IPv6 records, or both.<br/>        # The original create_connection function always returns all records.<br/>        family = allowed_gai_family()<br/>    <br/>        for res in socket.getaddrinfo(host, port, family, socket.SOCK_STREAM):<br/>            af, socktype, proto, canonname, sa = res<br/>            sock = None<br/>            try:<br/>                sock = socket.socket(af, socktype, proto)<br/>    <br/>                # If provided, set socket level options before connecting.<br/>                _set_socket_options(sock, socket_options)<br/>    <br/>                if timeout is not socket._GLOBAL_DEFAULT_TIMEOUT:<br/>                    sock.settimeout(timeout)<br/>                if source_address:<br/>                    sock.bind(source_address)<br/>&gt;               sock.connect(sa)<br/><span class="error">E               ConnectionRefusedError: [WinError 10061] 由于目标计算机积极拒绝，无法连接。</span><br/><br/>E:\liang\tools\python3.7.2\lib\site-packages\urllib3\util\connection.py:70: ConnectionRefusedError<br/><br/>During handling of the above exception, another exception occurred:<br/><br/>self = &lt;urllib3.connectionpool.HTTPConnectionPool object at 0x00000265646BCF60&gt;<br/>method = &#x27;POST&#x27;, url = &#x27;/wd/hub/session&#x27;<br/>body = &#x27;{&quot;capabilities&quot;: {&quot;firstMatch&quot;: [{&quot;appium:platformVersion&quot;: 6.0, &quot;platformName&quot;: &quot;Android&quot;, &quot;appium:deviceName&quot;: &quot;M9N...&quot;: &quot;com.tencent.wework.launch.LaunchSplashActivity&quot;, &quot;noReset&quot;: true, &quot;unicodeKeyboard&quot;: true, &quot;resetKeyboard&quot;: true}}&#x27;<br/>headers = {&#x27;Accept&#x27;: &#x27;application/json&#x27;, &#x27;Content-Type&#x27;: &#x27;application/json;charset=UTF-8&#x27;, &#x27;User-Agent&#x27;: &#x27;appium/python 0.40 (selenium/3.141.0 (python windows))&#x27;}<br/>retries = Retry(total=0, connect=None, read=None, redirect=None, status=None)<br/>redirect = False, assert_same_host = False<br/>timeout = &lt;object object at 0x000002655FE7ED00&gt;, pool_timeout = None<br/>release_conn = True, chunked = False, body_pos = None<br/>response_kw = {&#x27;request_url&#x27;: &#x27;http://127.0.0.1:4723/wd/hub/session&#x27;}<br/>conn = None, release_this_conn = True, err = None, clean_exit = False<br/>timeout_obj = &lt;urllib3.util.timeout.Timeout object at 0x0000026564603048&gt;<br/>is_new_proxy_conn = False<br/><br/>    def urlopen(self, method, url, body=None, headers=None, retries=None,<br/>                redirect=True, assert_same_host=True, timeout=_Default,<br/>                pool_timeout=None, release_conn=None, chunked=False,<br/>                body_pos=None, **response_kw):<br/>        &quot;&quot;&quot;<br/>        Get a connection from the pool and perform an HTTP request. This is the<br/>        lowest level call for making a request, so you&#x27;ll need to specify all<br/>        the raw details.<br/>    <br/>        .. note::<br/>    <br/>           More commonly, it&#x27;s appropriate to use a convenience method provided<br/>           by :class:`.RequestMethods`, such as :meth:`request`.<br/>    <br/>        .. note::<br/>    <br/>           `release_conn` will only behave as expected if<br/>           `preload_content=False` because we want to make<br/>           `preload_content=False` the default behaviour someday soon without<br/>           breaking backwards compatibility.<br/>    <br/>        :param method:<br/>            HTTP request method (such as GET, POST, PUT, etc.)<br/>    <br/>        :param body:<br/>            Data to send in the request body (useful for creating<br/>            POST requests, see HTTPConnectionPool.post_url for<br/>            more convenience).<br/>    <br/>        :param headers:<br/>            Dictionary of custom headers to send, such as User-Agent,<br/>            If-None-Match, etc. If None, pool headers are used. If provided,<br/>            these headers completely replace any pool-specific headers.<br/>    <br/>        :param retries:<br/>            Configure the number of retries to allow before raising a<br/>            :class:`~urllib3.exceptions.MaxRetryError` exception.<br/>    <br/>            Pass ``None`` to retry until you receive a response. Pass a<br/>            :class:`~urllib3.util.retry.Retry` object for fine-grained control<br/>            over different types of retries.<br/>            Pass an integer number to retry connection errors that many times,<br/>            but no other types of errors. Pass zero to never retry.<br/>    <br/>            If ``False``, then retries are disabled and any exception is raised<br/>            immediately. Also, instead of raising a MaxRetryError on redirects,<br/>            the redirect response will be returned.<br/>    <br/>        :type retries: :class:`~urllib3.util.retry.Retry`, False, or an int.<br/>    <br/>        :param redirect:<br/>            If True, automatically handle redirects (status codes 301, 302,<br/>            303, 307, 308). Each redirect counts as a retry. Disabling retries<br/>            will disable redirect, too.<br/>    <br/>        :param assert_same_host:<br/>            If ``True``, will make sure that the host of the pool requests is<br/>            consistent else will raise HostChangedError. When False, you can<br/>            use the pool on an HTTP proxy and request foreign hosts.<br/>    <br/>        :param timeout:<br/>            If specified, overrides the default timeout for this one<br/>            request. It may be a float (in seconds) or an instance of<br/>            :class:`urllib3.util.Timeout`.<br/>    <br/>        :param pool_timeout:<br/>            If set and the pool is set to block=True, then this method will<br/>            block for ``pool_timeout`` seconds and raise EmptyPoolError if no<br/>            connection is available within the time period.<br/>    <br/>        :param release_conn:<br/>            If False, then the urlopen call will not release the connection<br/>            back into the pool once a response is received (but will release if<br/>            you read the entire contents of the response such as when<br/>            `preload_content=True`). This is useful if you&#x27;re not preloading<br/>            the response&#x27;s content immediately. You will need to call<br/>            ``r.release_conn()`` on the response ``r`` to return the connection<br/>            back into the pool. If None, it takes the value of<br/>            ``response_kw.get(&#x27;preload_content&#x27;, True)``.<br/>    <br/>        :param chunked:<br/>            If True, urllib3 will send the body using chunked transfer<br/>            encoding. Otherwise, urllib3 will send the body using the standard<br/>            content-length form. Defaults to False.<br/>    <br/>        :param int body_pos:<br/>            Position to seek to in file-like body in the event of a retry or<br/>            redirect. Typically this won&#x27;t need to be set because urllib3 will<br/>            auto-populate the value when needed.<br/>    <br/>        :param \\**response_kw:<br/>            Additional parameters are passed to<br/>            :meth:`urllib3.response.HTTPResponse.from_httplib`<br/>        &quot;&quot;&quot;<br/>        if headers is None:<br/>            headers = self.headers<br/>    <br/>        if not isinstance(retries, Retry):<br/>            retries = Retry.from_int(retries, redirect=redirect, default=self.retries)<br/>    <br/>        if release_conn is None:<br/>            release_conn = response_kw.get(&#x27;preload_content&#x27;, True)<br/>    <br/>        # Check host<br/>        if assert_same_host and not self.is_same_host(url):<br/>            raise HostChangedError(self, url, retries)<br/>    <br/>        conn = None<br/>    <br/>        # Track whether `conn` needs to be released before<br/>        # returning/raising/recursing. Update this variable if necessary, and<br/>        # leave `release_conn` constant throughout the function. That way, if<br/>        # the function recurses, the original value of `release_conn` will be<br/>        # passed down into the recursive call, and its value will be respected.<br/>        #<br/>        # See issue #651 [1] for details.<br/>        #<br/>        # [1] &lt;https://github.com/shazow/urllib3/issues/651&gt;<br/>        release_this_conn = release_conn<br/>    <br/>        # Merge the proxy headers. Only do this in HTTP. We have to copy the<br/>        # headers dict so we can safely change it without those changes being<br/>        # reflected in anyone else&#x27;s copy.<br/>        if self.scheme == &#x27;http&#x27;:<br/>            headers = headers.copy()<br/>            headers.update(self.proxy_headers)<br/>    <br/>        # Must keep the exception bound to a separate variable or else Python 3<br/>        # complains about UnboundLocalError.<br/>        err = None<br/>    <br/>        # Keep track of whether we cleanly exited the except block. This<br/>        # ensures we do proper cleanup in finally.<br/>        clean_exit = False<br/>    <br/>        # Rewind body position, if needed. Record current position<br/>        # for future rewinds in the event of a redirect/retry.<br/>        body_pos = set_file_position(body, body_pos)<br/>    <br/>        try:<br/>            # Request a connection from the queue.<br/>            timeout_obj = self._get_timeout(timeout)<br/>            conn = self._get_conn(timeout=pool_timeout)<br/>    <br/>            conn.timeout = timeout_obj.connect_timeout<br/>    <br/>            is_new_proxy_conn = self.proxy is not None and not getattr(conn, &#x27;sock&#x27;, None)<br/>            if is_new_proxy_conn:<br/>                self._prepare_proxy(conn)<br/>    <br/>            # Make the request on the httplib connection object.<br/>            httplib_response = self._make_request(conn, method, url,<br/>                                                  timeout=timeout_obj,<br/>                                                  body=body, headers=headers,<br/>&gt;                                                 chunked=chunked)<br/><br/>E:\liang\tools\python3.7.2\lib\site-packages\urllib3\connectionpool.py:600: <br/>_ _ _ _ _ _ _ _ _ _ _ _ _ _ _ _ _ _ _ _ _ _ _ _ _ _ _ _ _ _ _ _ _ _ _ _ _ _ _ _<br/><br/>self = &lt;urllib3.connectionpool.HTTPConnectionPool object at 0x00000265646BCF60&gt;<br/>conn = &lt;urllib3.connection.HTTPConnection object at 0x0000026564603470&gt;<br/>method = &#x27;POST&#x27;, url = &#x27;/wd/hub/session&#x27;<br/>timeout = &lt;urllib3.util.timeout.Timeout object at 0x0000026564603048&gt;<br/>chunked = False<br/>httplib_request_kw = {&#x27;body&#x27;: &#x27;{&quot;capabilities&quot;: {&quot;firstMatch&quot;: [{&quot;appium:platformVersion&quot;: 6.0, &quot;platformName&quot;: &quot;Android&quot;, &quot;appium:deviceNa...ntent-Type&#x27;: &#x27;application/json;charset=UTF-8&#x27;, &#x27;User-Agent&#x27;: &#x27;appium/python 0.40 (selenium/3.141.0 (python windows))&#x27;}}<br/>timeout_obj = &lt;urllib3.util.timeout.Timeout object at 0x00000265646034E0&gt;<br/><br/>    def _make_request(self, conn, method, url, timeout=_Default, chunked=False,<br/>                      **httplib_request_kw):<br/>        &quot;&quot;&quot;<br/>        Perform a request on a given urllib connection object taken from our<br/>        pool.<br/>    <br/>        :param conn:<br/>            a connection from one of our connection pools<br/>    <br/>        :param timeout:<br/>            Socket timeout in seconds for the request. This can be a<br/>            float or integer, which will set the same timeout value for<br/>            the socket connect and the socket read, or an instance of<br/>            :class:`urllib3.util.Timeout`, which gives you more fine-grained<br/>            control over your timeouts.<br/>        &quot;&quot;&quot;<br/>        self.num_requests += 1<br/>    <br/>        timeout_obj = self._get_timeout(timeout)<br/>        timeout_obj.start_connect()<br/>        conn.timeout = timeout_obj.connect_timeout<br/>    <br/>        # Trigger any extra validation we need to do.<br/>        try:<br/>            self._validate_conn(conn)<br/>        except (SocketTimeout, BaseSSLError) as e:<br/>            # Py2 raises this as a BaseSSLError, Py3 raises it as socket timeout.<br/>            self._raise_timeout(err=e, url=url, timeout_value=conn.timeout)<br/>            raise<br/>    <br/>        # conn.request() calls httplib.*.request, not the method in<br/>        # urllib3.request. It also calls makefile (recv) on the socket.<br/>        if chunked:<br/>            conn.request_chunked(method, url, **httplib_request_kw)<br/>        else:<br/>&gt;           conn.request(method, url, **httplib_request_kw)<br/><br/>E:\liang\tools\python3.7.2\lib\site-packages\urllib3\connectionpool.py:354: <br/>_ _ _ _ _ _ _ _ _ _ _ _ _ _ _ _ _ _ _ _ _ _ _ _ _ _ _ _ _ _ _ _ _ _ _ _ _ _ _ _<br/><br/>self = &lt;urllib3.connection.HTTPConnection object at 0x0000026564603470&gt;<br/>method = &#x27;POST&#x27;, url = &#x27;/wd/hub/session&#x27;<br/>body = &#x27;{&quot;capabilities&quot;: {&quot;firstMatch&quot;: [{&quot;appium:platformVersion&quot;: 6.0, &quot;platformName&quot;: &quot;Android&quot;, &quot;appium:deviceName&quot;: &quot;M9N...&quot;: &quot;com.tencent.wework.launch.LaunchSplashActivity&quot;, &quot;noReset&quot;: true, &quot;unicodeKeyboard&quot;: true, &quot;resetKeyboard&quot;: true}}&#x27;<br/>headers = {&#x27;Accept&#x27;: &#x27;application/json&#x27;, &#x27;Content-Type&#x27;: &#x27;application/json;charset=UTF-8&#x27;, &#x27;User-Agent&#x27;: &#x27;appium/python 0.40 (selenium/3.141.0 (python windows))&#x27;}<br/><br/>    def request(self, method, url, body=None, headers={}, *,<br/>                encode_chunked=False):<br/>        &quot;&quot;&quot;Send a complete request to the server.&quot;&quot;&quot;<br/>&gt;       self._send_request(method, url, body, headers, encode_chunked)<br/><br/>E:\liang\tools\python3.7.2\lib\http\client.py:1229: <br/>_ _ _ _ _ _ _ _ _ _ _ _ _ _ _ _ _ _ _ _ _ _ _ _ _ _ _ _ _ _ _ _ _ _ _ _ _ _ _ _<br/><br/>self = &lt;urllib3.connection.HTTPConnection object at 0x0000026564603470&gt;<br/>method = &#x27;POST&#x27;, url = &#x27;/wd/hub/session&#x27;<br/>body = b&#x27;{&quot;capabilities&quot;: {&quot;firstMatch&quot;: [{&quot;appium:platformVersion&quot;: 6.0, &quot;platformName&quot;: &quot;Android&quot;, &quot;appium:deviceName&quot;: &quot;M9...&quot;: &quot;com.tencent.wework.launch.LaunchSplashActivity&quot;, &quot;noReset&quot;: true, &quot;unicodeKeyboard&quot;: true, &quot;resetKeyboard&quot;: true}}&#x27;<br/>headers = {&#x27;Accept&#x27;: &#x27;application/json&#x27;, &#x27;Content-Type&#x27;: &#x27;application/json;charset=UTF-8&#x27;, &#x27;User-Agent&#x27;: &#x27;appium/python 0.40 (selenium/3.141.0 (python windows))&#x27;}<br/>encode_chunked = False<br/><br/>    def _send_request(self, method, url, body, headers, encode_chunked):<br/>        # Honor explicitly requested Host: and Accept-Encoding: headers.<br/>        header_names = frozenset(k.lower() for k in headers)<br/>        skips = {}<br/>        if &#x27;host&#x27; in header_names:<br/>            skips[&#x27;skip_host&#x27;] = 1<br/>        if &#x27;accept-encoding&#x27; in header_names:<br/>            skips[&#x27;skip_accept_encoding&#x27;] = 1<br/>    <br/>        self.putrequest(method, url, **skips)<br/>    <br/>        # chunked encoding will happen if HTTP/1.1 is used and either<br/>        # the caller passes encode_chunked=True or the following<br/>        # conditions hold:<br/>        # 1. content-length has not been explicitly set<br/>        # 2. the body is a file or iterable, but not a str or bytes-like<br/>        # 3. Transfer-Encoding has NOT been explicitly set by the caller<br/>    <br/>        if &#x27;content-length&#x27; not in header_names:<br/>            # only chunk body if not explicitly set for backwards<br/>            # compatibility, assuming the client code is already handling the<br/>            # chunking<br/>            if &#x27;transfer-encoding&#x27; not in header_names:<br/>                # if content-length cannot be automatically determined, fall<br/>                # back to chunked encoding<br/>                encode_chunked = False<br/>                content_length = self._get_content_length(body, method)<br/>                if content_length is None:<br/>                    if body is not None:<br/>                        if self.debuglevel &gt; 0:<br/>                            print(&#x27;Unable to determine size of %r&#x27; % body)<br/>                        encode_chunked = True<br/>                        self.putheader(&#x27;Transfer-Encoding&#x27;, &#x27;chunked&#x27;)<br/>                else:<br/>                    self.putheader(&#x27;Content-Length&#x27;, str(content_length))<br/>        else:<br/>            encode_chunked = False<br/>    <br/>        for hdr, value in headers.items():<br/>            self.putheader(hdr, value)<br/>        if isinstance(body, str):<br/>            # RFC 2616 Section 3.7.1 says that text default has a<br/>            # default charset of iso-8859-1.<br/>            body = _encode(body, &#x27;body&#x27;)<br/>&gt;       self.endheaders(body, encode_chunked=encode_chunked)<br/><br/>E:\liang\tools\python3.7.2\lib\http\client.py:1275: <br/>_ _ _ _ _ _ _ _ _ _ _ _ _ _ _ _ _ _ _ _ _ _ _ _ _ _ _ _ _ _ _ _ _ _ _ _ _ _ _ _<br/><br/>self = &lt;urllib3.connection.HTTPConnection object at 0x0000026564603470&gt;<br/>message_body = b&#x27;{&quot;capabilities&quot;: {&quot;firstMatch&quot;: [{&quot;appium:platformVersion&quot;: 6.0, &quot;platformName&quot;: &quot;Android&quot;, &quot;appium:deviceName&quot;: &quot;M9...&quot;: &quot;com.tencent.wework.launch.LaunchSplashActivity&quot;, &quot;noReset&quot;: true, &quot;unicodeKeyboard&quot;: true, &quot;resetKeyboard&quot;: true}}&#x27;<br/><br/>    def endheaders(self, message_body=None, *, encode_chunked=False):<br/>        &quot;&quot;&quot;Indicate that the last header line has been sent to the server.<br/>    <br/>        This method sends the request to the server.  The optional message_body<br/>        argument can be used to pass a message body associated with the<br/>        request.<br/>        &quot;&quot;&quot;<br/>        if self.__state == _CS_REQ_STARTED:<br/>            self.__state = _CS_REQ_SENT<br/>        else:<br/>            raise CannotSendHeader()<br/>&gt;       self._send_output(message_body, encode_chunked=encode_chunked)<br/><br/>E:\liang\tools\python3.7.2\lib\http\client.py:1224: <br/>_ _ _ _ _ _ _ _ _ _ _ _ _ _ _ _ _ _ _ _ _ _ _ _ _ _ _ _ _ _ _ _ _ _ _ _ _ _ _ _<br/><br/>self = &lt;urllib3.connection.HTTPConnection object at 0x0000026564603470&gt;<br/>message_body = b&#x27;{&quot;capabilities&quot;: {&quot;firstMatch&quot;: [{&quot;appium:platformVersion&quot;: 6.0, &quot;platformName&quot;: &quot;Android&quot;, &quot;appium:deviceName&quot;: &quot;M9...&quot;: &quot;com.tencent.wework.launch.LaunchSplashActivity&quot;, &quot;noReset&quot;: true, &quot;unicodeKeyboard&quot;: true, &quot;resetKeyboard&quot;: true}}&#x27;<br/>encode_chunked = False<br/><br/>    def _send_output(self, message_body=None, encode_chunked=False):<br/>        &quot;&quot;&quot;Send the currently buffered request and clear the buffer.<br/>    <br/>        Appends an extra \\r\\n to the buffer.<br/>        A message_body may be specified, to be appended to the request.<br/>        &quot;&quot;&quot;<br/>        self._buffer.extend((b&quot;&quot;, b&quot;&quot;))<br/>        msg = b&quot;\r\n&quot;.join(self._buffer)<br/>        del self._buffer[:]<br/>&gt;       self.send(msg)<br/><br/>E:\liang\tools\python3.7.2\lib\http\client.py:1016: <br/>_ _ _ _ _ _ _ _ _ _ _ _ _ _ _ _ _ _ _ _ _ _ _ _ _ _ _ _ _ _ _ _ _ _ _ _ _ _ _ _<br/><br/>self = &lt;urllib3.connection.HTTPConnection object at 0x0000026564603470&gt;<br/>data = b&#x27;POST /wd/hub/session HTTP/1.1\r\nHost: 127.0.0.1:4723\r\nAccept-Encoding: identity\r\nContent-Length: 612\r\nAccept:...ent-Type: application/json;charset=UTF-8\r\nUser-Agent: appium/python 0.40 (selenium/3.141.0 (python windows))\r\n\r\n&#x27;<br/><br/>    def send(self, data):<br/>        &quot;&quot;&quot;Send `data&#x27; to the server.<br/>        ``data`` can be a string object, a bytes object, an array object, a<br/>        file-like object that supports a .read() method, or an iterable object.<br/>        &quot;&quot;&quot;<br/>    <br/>        if self.sock is None:<br/>            if self.auto_open:<br/>&gt;               self.connect()<br/><br/>E:\liang\tools\python3.7.2\lib\http\client.py:956: <br/>_ _ _ _ _ _ _ _ _ _ _ _ _ _ _ _ _ _ _ _ _ _ _ _ _ _ _ _ _ _ _ _ _ _ _ _ _ _ _ _<br/><br/>self = &lt;urllib3.connection.HTTPConnection object at 0x0000026564603470&gt;<br/><br/>    def connect(self):<br/>&gt;       conn = self._new_conn()<br/><br/>E:\liang\tools\python3.7.2\lib\site-packages\urllib3\connection.py:181: <br/>_ _ _ _ _ _ _ _ _ _ _ _ _ _ _ _ _ _ _ _ _ _ _ _ _ _ _ _ _ _ _ _ _ _ _ _ _ _ _ _<br/><br/>self = &lt;urllib3.connection.HTTPConnection object at 0x0000026564603470&gt;<br/><br/>    def _new_conn(self):<br/>        &quot;&quot;&quot; Establish a socket connection and set nodelay settings on it.<br/>    <br/>        :return: New socket connection.<br/>        &quot;&quot;&quot;<br/>        extra_kw = {}<br/>        if self.source_address:<br/>            extra_kw[&#x27;source_address&#x27;] = self.source_address<br/>    <br/>        if self.socket_options:<br/>            extra_kw[&#x27;socket_options&#x27;] = self.socket_options<br/>    <br/>        try:<br/>            conn = connection.create_connection(<br/>                (self._dns_host, self.port), self.timeout, **extra_kw)<br/>    <br/>        except SocketTimeout as e:<br/>            raise ConnectTimeoutError(<br/>                self, &quot;Connection to %s timed out. (connect timeout=%s)&quot; %<br/>                (self.host, self.timeout))<br/>    <br/>        except SocketError as e:<br/>            raise NewConnectionError(<br/>&gt;               self, &quot;Failed to establish a new connection: %s&quot; % e)<br/><span class="error">E           urllib3.exceptions.NewConnectionError: &lt;urllib3.connection.HTTPConnection object at 0x0000026564603470&gt;: Failed to establish a new connection: [WinError 10061] 由于目标计算机积极拒绝，无法连接。</span><br/><br/>E:\liang\tools\python3.7.2\lib\site-packages\urllib3\connection.py:168: NewConnectionError<br/><br/>During handling of the above exception, another exception occurred:<br/><br/>    @pytest.fixture(scope=&quot;module&quot;)<br/>    def startApp():<br/>        &quot;单纯启动APP，返回driver&quot;<br/>&gt;       driver = baseDriver()<br/><br/>TestCase\conftest.py:24: <br/>_ _ _ _ _ _ _ _ _ _ _ _ _ _ _ _ _ _ _ _ _ _ _ _ _ _ _ _ _ _ _ _ _ _ _ _ _ _ _ _<br/>TestCase\conftest.py:18: in baseDriver<br/>    return webdriver.Remote(&#x27;http://127.0.0.1:{}/wd/hub&#x27;.format(server_port), desired_caps)<br/>E:\liang\tools\python3.7.2\lib\site-packages\appium\webdriver\webdriver.py:129: in __init__<br/>    proxy<br/>E:\liang\tools\python3.7.2\lib\site-packages\selenium\webdriver\remote\webdriver.py:157: in __init__<br/>    self.start_session(capabilities, browser_profile)<br/>E:\liang\tools\python3.7.2\lib\site-packages\appium\webdriver\webdriver.py:204: in start_session<br/>    response = self.execute(RemoteCommand.NEW_SESSION, parameters)<br/>E:\liang\tools\python3.7.2\lib\site-packages\selenium\webdriver\remote\webdriver.py:319: in execute<br/>    response = self.command_executor.execute(driver_command, params)<br/>E:\liang\tools\python3.7.2\lib\site-packages\selenium\webdriver\remote\remote_connection.py:374: in execute<br/>    return self._request(command_info[0], url, body=data)<br/>E:\liang\tools\python3.7.2\lib\site-packages\selenium\webdriver\remote\remote_connection.py:402: in _request<br/>    resp = http.request(method, url, body=body, headers=headers)<br/>E:\liang\tools\python3.7.2\lib\site-packages\urllib3\request.py:72: in request<br/>    **urlopen_kw)<br/>E:\liang\tools\python3.7.2\lib\site-packages\urllib3\request.py:150: in request_encode_body<br/>    return self.urlopen(method, url, **extra_kw)<br/>E:\liang\tools\python3.7.2\lib\site-packages\urllib3\poolmanager.py:323: in urlopen<br/>    response = conn.urlopen(method, u.request_uri, **kw)<br/>E:\liang\tools\python3.7.2\lib\site-packages\urllib3\connectionpool.py:667: in urlopen<br/>    **response_kw)<br/>E:\liang\tools\python3.7.2\lib\site-packages\urllib3\connectionpool.py:667: in urlopen<br/>    **response_kw)<br/>E:\liang\tools\python3.7.2\lib\site-packages\urllib3\connectionpool.py:667: in urlopen<br/>    **response_kw)<br/>E:\liang\tools\python3.7.2\lib\site-packages\urllib3\connectionpool.py:638: in urlopen<br/>    _stacktrace=sys.exc_info()[2])<br/>_ _ _ _ _ _ _ _ _ _ _ _ _ _ _ _ _ _ _ _ _ _ _ _ _ _ _ _ _ _ _ _ _ _ _ _ _ _ _ _<br/><br/>self = Retry(total=0, connect=None, read=None, redirect=None, status=None)<br/>method = &#x27;POST&#x27;, url = &#x27;/wd/hub/session&#x27;, response = None<br/>error = NewConnectionError(&#x27;&lt;urllib3.connection.HTTPConnection object at 0x0000026564603470&gt;: Failed to establish a new connection: [WinError 10061] 由于目标计算机积极拒绝，无法连接。&#x27;)<br/>_pool = &lt;urllib3.connectionpool.HTTPConnectionPool object at 0x00000265646BCF60&gt;<br/>_stacktrace = &lt;traceback object at 0x00000265644B41C8&gt;<br/><br/>    def increment(self, method=None, url=None, response=None, error=None,<br/>                  _pool=None, _stacktrace=None):<br/>        &quot;&quot;&quot; Return a new Retry object with incremented retry counters.<br/>    <br/>        :param response: A response object, or None, if the server did not<br/>            return a response.<br/>        :type response: :class:`~urllib3.response.HTTPResponse`<br/>        :param Exception error: An error encountered during the request, or<br/>            None if the response was received successfully.<br/>    <br/>        :return: A new ``Retry`` object.<br/>        &quot;&quot;&quot;<br/>        if self.total is False and error:<br/>            # Disabled, indicate to re-raise the error.<br/>            raise six.reraise(type(error), error, _stacktrace)<br/>    <br/>        total = self.total<br/>        if total is not None:<br/>            total -= 1<br/>    <br/>        connect = self.connect<br/>        read = self.read<br/>        redirect = self.redirect<br/>        status_count = self.status<br/>        cause = &#x27;unknown&#x27;<br/>        status = None<br/>        redirect_location = None<br/>    <br/>        if error and self._is_connection_error(error):<br/>            # Connect retry?<br/>            if connect is False:<br/>                raise six.reraise(type(error), error, _stacktrace)<br/>            elif connect is not None:<br/>                connect -= 1<br/>    <br/>        elif error and self._is_read_error(error):<br/>            # Read retry?<br/>            if read is False or not self._is_method_retryable(method):<br/>                raise six.reraise(type(error), error, _stacktrace)<br/>            elif read is not None:<br/>                read -= 1<br/>    <br/>        elif response and response.get_redirect_location():<br/>            # Redirect retry?<br/>            if redirect is not None:<br/>                redirect -= 1<br/>            cause = &#x27;too many redirects&#x27;<br/>            redirect_location = response.get_redirect_location()<br/>            status = response.status<br/>    <br/>        else:<br/>            # Incrementing because of a server error like a 500 in<br/>            # status_forcelist and a the given method is in the whitelist<br/>            cause = ResponseError.GENERIC_ERROR<br/>            if response and response.status:<br/>                if status_count is not None:<br/>                    status_count -= 1<br/>                cause = ResponseError.SPECIFIC_ERROR.format(<br/>                    status_code=response.status)<br/>                status = response.status<br/>    <br/>        history = self.history + (RequestHistory(method, url, error, status, redirect_location),)<br/>    <br/>        new_retry = self.new(<br/>            total=total,<br/>            connect=connect, read=read, redirect=redirect, status=status_count,<br/>            history=history)<br/>    <br/>        if new_retry.is_exhausted():<br/>&gt;           raise MaxRetryError(_pool, url, error or ResponseError(cause))<br/><span class="error">E           urllib3.exceptions.MaxRetryError: HTTPConnectionPool(host=&#x27;127.0.0.1&#x27;, port=4723): Max retries exceeded with url: /wd/hub/session (Caused by NewConnectionError(&#x27;&lt;urllib3.connection.HTTPConnection object at 0x0000026564603470&gt;: Failed to establish a new connection: [WinError 10061] 由于目标计算机积极拒绝，无法连接。&#x27;))</span><br/><br/>E:\liang\tools\python3.7.2\lib\site-packages\urllib3\util\retry.py:398: MaxRetryError<br/>------------------------------ Captured log setup ------------------------------<br/>connectionpool.py          662 WARNING  Retrying (Retry(total=2, connect=None, read=None, redirect=None, status=None)) after connection broken by &#x27;NewConnectionError(&#x27;&lt;urllib3.connection.HTTPConnection object at 0x000002656443E198&gt;: Failed to establish a new connection: [WinError 10061] 由于目标计算机积极拒绝，无法连接。&#x27;)&#x27;: /wd/hub/session
connectionpool.py          662 WARNING  Retrying (Retry(total=1, connect=None, read=None, redirect=None, status=None)) after connection broken by &#x27;NewConnectionError(&#x27;&lt;urllib3.connection.HTTPConnection object at 0x000002656443E3C8&gt;: Failed to establish a new connection: [WinError 10061] 由于目标计算机积极拒绝，无法连接。&#x27;)&#x27;: /wd/hub/session
connectionpool.py          662 WARNING  Retrying (Retry(total=0, connect=None, read=None, redirect=None, status=None)) after connection broken by &#x27;NewConnectionError(&#x27;&lt;urllib3.connection.HTTPConnection object at 0x000002656443E5F8&gt;: Failed to establish a new connection: [WinError 10061] 由于目标计算机积极拒绝，无法连接。&#x27;)&#x27;: /wd/hub/session------------------------------ Captured log setup ------------------------------<br/>connectionpool.py          662 WARNING  Retrying (Retry(total=2, connect=None, read=None, redirect=None, status=None)) after connection broken by &#x27;NewConnectionError(&#x27;&lt;urllib3.connection.HTTPConnection object at 0x000002656450D470&gt;: Failed to establish a new connection: [WinError 10061] 由于目标计算机积极拒绝，无法连接。&#x27;)&#x27;: /wd/hub/session
connectionpool.py          662 WARNING  Retrying (Retry(total=1, connect=None, read=None, redirect=None, status=None)) after connection broken by &#x27;NewConnectionError(&#x27;&lt;urllib3.connection.HTTPConnection object at 0x000002656450D518&gt;: Failed to establish a new connection: [WinError 10061] 由于目标计算机积极拒绝，无法连接。&#x27;)&#x27;: /wd/hub/session
connectionpool.py          662 WARNING  Retrying (Retry(total=0, connect=None, read=None, redirect=None, status=None)) after connection broken by &#x27;NewConnectionError(&#x27;&lt;urllib3.connection.HTTPConnection object at 0x000002656450D828&gt;: Failed to establish a new connection: [WinError 10061] 由于目标计算机积极拒绝，无法连接。&#x27;)&#x27;: /wd/hub/session------------------------------ Captured log setup ------------------------------<br/>connectionpool.py          662 WARNING  Retrying (Retry(total=2, connect=None, read=None, redirect=None, status=None)) after connection broken by &#x27;NewConnectionError(&#x27;&lt;urllib3.connection.HTTPConnection object at 0x00000265646BCDD8&gt;: Failed to establish a new connection: [WinError 10061] 由于目标计算机积极拒绝，无法连接。&#x27;)&#x27;: /wd/hub/session
connectionpool.py          662 WARNING  Retrying (Retry(total=1, connect=None, read=None, redirect=None, status=None)) after connection broken by &#x27;NewConnectionError(&#x27;&lt;urllib3.connection.HTTPConnection object at 0x0000026564603128&gt;: Failed to establish a new connection: [WinError 10061] 由于目标计算机积极拒绝，无法连接。&#x27;)&#x27;: /wd/hub/session
connectionpool.py          662 WARNING  Retrying (Retry(total=0, connect=None, read=None, redirect=None, status=None)) after connection broken by &#x27;NewConnectionError(&#x27;&lt;urllib3.connection.HTTPConnection object at 0x0000026564603160&gt;: Failed to establish a new connection: [WinError 10061] 由于目标计算机积极拒绝，无法连接。&#x27;)&#x27;: /wd/hub/session</div></td></tr></tbody>
      <tbody class="rerun results-table-row">
        <tr>
          <td class="col-result">Rerun</td>
          <td class="col-name">TestCase/test_submitClues.py::TestSubmintClues::test_submintClues_sucess::setup</td>
          <td class="col-duration">5.12</td>
          <td class="col-links"></td></tr>
        <tr>
          <td class="extra" colspan="4">
            <div class="log">self = &lt;urllib3.connection.HTTPConnection object at 0x000002656443E780&gt;<br/><br/>    def _new_conn(self):<br/>        &quot;&quot;&quot; Establish a socket connection and set nodelay settings on it.<br/>    <br/>        :return: New socket connection.<br/>        &quot;&quot;&quot;<br/>        extra_kw = {}<br/>        if self.source_address:<br/>            extra_kw[&#x27;source_address&#x27;] = self.source_address<br/>    <br/>        if self.socket_options:<br/>            extra_kw[&#x27;socket_options&#x27;] = self.socket_options<br/>    <br/>        try:<br/>            conn = connection.create_connection(<br/>&gt;               (self._dns_host, self.port), self.timeout, **extra_kw)<br/><br/>E:\liang\tools\python3.7.2\lib\site-packages\urllib3\connection.py:159: <br/>_ _ _ _ _ _ _ _ _ _ _ _ _ _ _ _ _ _ _ _ _ _ _ _ _ _ _ _ _ _ _ _ _ _ _ _ _ _ _ _<br/><br/>address = (&#x27;127.0.0.1&#x27;, 4723), timeout = &lt;object object at 0x000002655FE7E430&gt;<br/>source_address = None, socket_options = [(6, 1, 1)]<br/><br/>    def create_connection(address, timeout=socket._GLOBAL_DEFAULT_TIMEOUT,<br/>                          source_address=None, socket_options=None):<br/>        &quot;&quot;&quot;Connect to *address* and return the socket object.<br/>    <br/>        Convenience function.  Connect to *address* (a 2-tuple ``(host,<br/>        port)``) and return the socket object.  Passing the optional<br/>        *timeout* parameter will set the timeout on the socket instance<br/>        before attempting to connect.  If no *timeout* is supplied, the<br/>        global default timeout setting returned by :func:`getdefaulttimeout`<br/>        is used.  If *source_address* is set it must be a tuple of (host, port)<br/>        for the socket to bind as a source address before making the connection.<br/>        An host of &#x27;&#x27; or port 0 tells the OS to use the default.<br/>        &quot;&quot;&quot;<br/>    <br/>        host, port = address<br/>        if host.startswith(&#x27;[&#x27;):<br/>            host = host.strip(&#x27;[]&#x27;)<br/>        err = None<br/>    <br/>        # Using the value from allowed_gai_family() in the context of getaddrinfo lets<br/>        # us select whether to work with IPv4 DNS records, IPv6 records, or both.<br/>        # The original create_connection function always returns all records.<br/>        family = allowed_gai_family()<br/>    <br/>        for res in socket.getaddrinfo(host, port, family, socket.SOCK_STREAM):<br/>            af, socktype, proto, canonname, sa = res<br/>            sock = None<br/>            try:<br/>                sock = socket.socket(af, socktype, proto)<br/>    <br/>                # If provided, set socket level options before connecting.<br/>                _set_socket_options(sock, socket_options)<br/>    <br/>                if timeout is not socket._GLOBAL_DEFAULT_TIMEOUT:<br/>                    sock.settimeout(timeout)<br/>                if source_address:<br/>                    sock.bind(source_address)<br/>                sock.connect(sa)<br/>                return sock<br/>    <br/>            except socket.error as e:<br/>                err = e<br/>                if sock is not None:<br/>                    sock.close()<br/>                    sock = None<br/>    <br/>        if err is not None:<br/>&gt;           raise err<br/><br/>E:\liang\tools\python3.7.2\lib\site-packages\urllib3\util\connection.py:80: <br/>_ _ _ _ _ _ _ _ _ _ _ _ _ _ _ _ _ _ _ _ _ _ _ _ _ _ _ _ _ _ _ _ _ _ _ _ _ _ _ _<br/><br/>address = (&#x27;127.0.0.1&#x27;, 4723), timeout = &lt;object object at 0x000002655FE7E430&gt;<br/>source_address = None, socket_options = [(6, 1, 1)]<br/><br/>    def create_connection(address, timeout=socket._GLOBAL_DEFAULT_TIMEOUT,<br/>                          source_address=None, socket_options=None):<br/>        &quot;&quot;&quot;Connect to *address* and return the socket object.<br/>    <br/>        Convenience function.  Connect to *address* (a 2-tuple ``(host,<br/>        port)``) and return the socket object.  Passing the optional<br/>        *timeout* parameter will set the timeout on the socket instance<br/>        before attempting to connect.  If no *timeout* is supplied, the<br/>        global default timeout setting returned by :func:`getdefaulttimeout`<br/>        is used.  If *source_address* is set it must be a tuple of (host, port)<br/>        for the socket to bind as a source address before making the connection.<br/>        An host of &#x27;&#x27; or port 0 tells the OS to use the default.<br/>        &quot;&quot;&quot;<br/>    <br/>        host, port = address<br/>        if host.startswith(&#x27;[&#x27;):<br/>            host = host.strip(&#x27;[]&#x27;)<br/>        err = None<br/>    <br/>        # Using the value from allowed_gai_family() in the context of getaddrinfo lets<br/>        # us select whether to work with IPv4 DNS records, IPv6 records, or both.<br/>        # The original create_connection function always returns all records.<br/>        family = allowed_gai_family()<br/>    <br/>        for res in socket.getaddrinfo(host, port, family, socket.SOCK_STREAM):<br/>            af, socktype, proto, canonname, sa = res<br/>            sock = None<br/>            try:<br/>                sock = socket.socket(af, socktype, proto)<br/>    <br/>                # If provided, set socket level options before connecting.<br/>                _set_socket_options(sock, socket_options)<br/>    <br/>                if timeout is not socket._GLOBAL_DEFAULT_TIMEOUT:<br/>                    sock.settimeout(timeout)<br/>                if source_address:<br/>                    sock.bind(source_address)<br/>&gt;               sock.connect(sa)<br/><span class="error">E               ConnectionRefusedError: [WinError 10061] 由于目标计算机积极拒绝，无法连接。</span><br/><br/>E:\liang\tools\python3.7.2\lib\site-packages\urllib3\util\connection.py:70: ConnectionRefusedError<br/><br/>During handling of the above exception, another exception occurred:<br/><br/>self = &lt;urllib3.connectionpool.HTTPConnectionPool object at 0x000002656443E0F0&gt;<br/>method = &#x27;POST&#x27;, url = &#x27;/wd/hub/session&#x27;<br/>body = &#x27;{&quot;capabilities&quot;: {&quot;firstMatch&quot;: [{&quot;appium:platformVersion&quot;: 6.0, &quot;platformName&quot;: &quot;Android&quot;, &quot;appium:deviceName&quot;: &quot;M9N...&quot;: &quot;com.tencent.wework.launch.LaunchSplashActivity&quot;, &quot;noReset&quot;: true, &quot;unicodeKeyboard&quot;: true, &quot;resetKeyboard&quot;: true}}&#x27;<br/>headers = {&#x27;Accept&#x27;: &#x27;application/json&#x27;, &#x27;Content-Type&#x27;: &#x27;application/json;charset=UTF-8&#x27;, &#x27;User-Agent&#x27;: &#x27;appium/python 0.40 (selenium/3.141.0 (python windows))&#x27;}<br/>retries = Retry(total=0, connect=None, read=None, redirect=None, status=None)<br/>redirect = False, assert_same_host = False<br/>timeout = &lt;object object at 0x000002655FE7ED00&gt;, pool_timeout = None<br/>release_conn = True, chunked = False, body_pos = None<br/>response_kw = {&#x27;request_url&#x27;: &#x27;http://127.0.0.1:4723/wd/hub/session&#x27;}<br/>conn = None, release_this_conn = True, err = None, clean_exit = False<br/>timeout_obj = &lt;urllib3.util.timeout.Timeout object at 0x000002656443E4A8&gt;<br/>is_new_proxy_conn = False<br/><br/>    def urlopen(self, method, url, body=None, headers=None, retries=None,<br/>                redirect=True, assert_same_host=True, timeout=_Default,<br/>                pool_timeout=None, release_conn=None, chunked=False,<br/>                body_pos=None, **response_kw):<br/>        &quot;&quot;&quot;<br/>        Get a connection from the pool and perform an HTTP request. This is the<br/>        lowest level call for making a request, so you&#x27;ll need to specify all<br/>        the raw details.<br/>    <br/>        .. note::<br/>    <br/>           More commonly, it&#x27;s appropriate to use a convenience method provided<br/>           by :class:`.RequestMethods`, such as :meth:`request`.<br/>    <br/>        .. note::<br/>    <br/>           `release_conn` will only behave as expected if<br/>           `preload_content=False` because we want to make<br/>           `preload_content=False` the default behaviour someday soon without<br/>           breaking backwards compatibility.<br/>    <br/>        :param method:<br/>            HTTP request method (such as GET, POST, PUT, etc.)<br/>    <br/>        :param body:<br/>            Data to send in the request body (useful for creating<br/>            POST requests, see HTTPConnectionPool.post_url for<br/>            more convenience).<br/>    <br/>        :param headers:<br/>            Dictionary of custom headers to send, such as User-Agent,<br/>            If-None-Match, etc. If None, pool headers are used. If provided,<br/>            these headers completely replace any pool-specific headers.<br/>    <br/>        :param retries:<br/>            Configure the number of retries to allow before raising a<br/>            :class:`~urllib3.exceptions.MaxRetryError` exception.<br/>    <br/>            Pass ``None`` to retry until you receive a response. Pass a<br/>            :class:`~urllib3.util.retry.Retry` object for fine-grained control<br/>            over different types of retries.<br/>            Pass an integer number to retry connection errors that many times,<br/>            but no other types of errors. Pass zero to never retry.<br/>    <br/>            If ``False``, then retries are disabled and any exception is raised<br/>            immediately. Also, instead of raising a MaxRetryError on redirects,<br/>            the redirect response will be returned.<br/>    <br/>        :type retries: :class:`~urllib3.util.retry.Retry`, False, or an int.<br/>    <br/>        :param redirect:<br/>            If True, automatically handle redirects (status codes 301, 302,<br/>            303, 307, 308). Each redirect counts as a retry. Disabling retries<br/>            will disable redirect, too.<br/>    <br/>        :param assert_same_host:<br/>            If ``True``, will make sure that the host of the pool requests is<br/>            consistent else will raise HostChangedError. When False, you can<br/>            use the pool on an HTTP proxy and request foreign hosts.<br/>    <br/>        :param timeout:<br/>            If specified, overrides the default timeout for this one<br/>            request. It may be a float (in seconds) or an instance of<br/>            :class:`urllib3.util.Timeout`.<br/>    <br/>        :param pool_timeout:<br/>            If set and the pool is set to block=True, then this method will<br/>            block for ``pool_timeout`` seconds and raise EmptyPoolError if no<br/>            connection is available within the time period.<br/>    <br/>        :param release_conn:<br/>            If False, then the urlopen call will not release the connection<br/>            back into the pool once a response is received (but will release if<br/>            you read the entire contents of the response such as when<br/>            `preload_content=True`). This is useful if you&#x27;re not preloading<br/>            the response&#x27;s content immediately. You will need to call<br/>            ``r.release_conn()`` on the response ``r`` to return the connection<br/>            back into the pool. If None, it takes the value of<br/>            ``response_kw.get(&#x27;preload_content&#x27;, True)``.<br/>    <br/>        :param chunked:<br/>            If True, urllib3 will send the body using chunked transfer<br/>            encoding. Otherwise, urllib3 will send the body using the standard<br/>            content-length form. Defaults to False.<br/>    <br/>        :param int body_pos:<br/>            Position to seek to in file-like body in the event of a retry or<br/>            redirect. Typically this won&#x27;t need to be set because urllib3 will<br/>            auto-populate the value when needed.<br/>    <br/>        :param \\**response_kw:<br/>            Additional parameters are passed to<br/>            :meth:`urllib3.response.HTTPResponse.from_httplib`<br/>        &quot;&quot;&quot;<br/>        if headers is None:<br/>            headers = self.headers<br/>    <br/>        if not isinstance(retries, Retry):<br/>            retries = Retry.from_int(retries, redirect=redirect, default=self.retries)<br/>    <br/>        if release_conn is None:<br/>            release_conn = response_kw.get(&#x27;preload_content&#x27;, True)<br/>    <br/>        # Check host<br/>        if assert_same_host and not self.is_same_host(url):<br/>            raise HostChangedError(self, url, retries)<br/>    <br/>        conn = None<br/>    <br/>        # Track whether `conn` needs to be released before<br/>        # returning/raising/recursing. Update this variable if necessary, and<br/>        # leave `release_conn` constant throughout the function. That way, if<br/>        # the function recurses, the original value of `release_conn` will be<br/>        # passed down into the recursive call, and its value will be respected.<br/>        #<br/>        # See issue #651 [1] for details.<br/>        #<br/>        # [1] &lt;https://github.com/shazow/urllib3/issues/651&gt;<br/>        release_this_conn = release_conn<br/>    <br/>        # Merge the proxy headers. Only do this in HTTP. We have to copy the<br/>        # headers dict so we can safely change it without those changes being<br/>        # reflected in anyone else&#x27;s copy.<br/>        if self.scheme == &#x27;http&#x27;:<br/>            headers = headers.copy()<br/>            headers.update(self.proxy_headers)<br/>    <br/>        # Must keep the exception bound to a separate variable or else Python 3<br/>        # complains about UnboundLocalError.<br/>        err = None<br/>    <br/>        # Keep track of whether we cleanly exited the except block. This<br/>        # ensures we do proper cleanup in finally.<br/>        clean_exit = False<br/>    <br/>        # Rewind body position, if needed. Record current position<br/>        # for future rewinds in the event of a redirect/retry.<br/>        body_pos = set_file_position(body, body_pos)<br/>    <br/>        try:<br/>            # Request a connection from the queue.<br/>            timeout_obj = self._get_timeout(timeout)<br/>            conn = self._get_conn(timeout=pool_timeout)<br/>    <br/>            conn.timeout = timeout_obj.connect_timeout<br/>    <br/>            is_new_proxy_conn = self.proxy is not None and not getattr(conn, &#x27;sock&#x27;, None)<br/>            if is_new_proxy_conn:<br/>                self._prepare_proxy(conn)<br/>    <br/>            # Make the request on the httplib connection object.<br/>            httplib_response = self._make_request(conn, method, url,<br/>                                                  timeout=timeout_obj,<br/>                                                  body=body, headers=headers,<br/>&gt;                                                 chunked=chunked)<br/><br/>E:\liang\tools\python3.7.2\lib\site-packages\urllib3\connectionpool.py:600: <br/>_ _ _ _ _ _ _ _ _ _ _ _ _ _ _ _ _ _ _ _ _ _ _ _ _ _ _ _ _ _ _ _ _ _ _ _ _ _ _ _<br/><br/>self = &lt;urllib3.connectionpool.HTTPConnectionPool object at 0x000002656443E0F0&gt;<br/>conn = &lt;urllib3.connection.HTTPConnection object at 0x000002656443E780&gt;<br/>method = &#x27;POST&#x27;, url = &#x27;/wd/hub/session&#x27;<br/>timeout = &lt;urllib3.util.timeout.Timeout object at 0x000002656443E4A8&gt;<br/>chunked = False<br/>httplib_request_kw = {&#x27;body&#x27;: &#x27;{&quot;capabilities&quot;: {&quot;firstMatch&quot;: [{&quot;appium:platformVersion&quot;: 6.0, &quot;platformName&quot;: &quot;Android&quot;, &quot;appium:deviceNa...ntent-Type&#x27;: &#x27;application/json;charset=UTF-8&#x27;, &#x27;User-Agent&#x27;: &#x27;appium/python 0.40 (selenium/3.141.0 (python windows))&#x27;}}<br/>timeout_obj = &lt;urllib3.util.timeout.Timeout object at 0x000002656443E630&gt;<br/><br/>    def _make_request(self, conn, method, url, timeout=_Default, chunked=False,<br/>                      **httplib_request_kw):<br/>        &quot;&quot;&quot;<br/>        Perform a request on a given urllib connection object taken from our<br/>        pool.<br/>    <br/>        :param conn:<br/>            a connection from one of our connection pools<br/>    <br/>        :param timeout:<br/>            Socket timeout in seconds for the request. This can be a<br/>            float or integer, which will set the same timeout value for<br/>            the socket connect and the socket read, or an instance of<br/>            :class:`urllib3.util.Timeout`, which gives you more fine-grained<br/>            control over your timeouts.<br/>        &quot;&quot;&quot;<br/>        self.num_requests += 1<br/>    <br/>        timeout_obj = self._get_timeout(timeout)<br/>        timeout_obj.start_connect()<br/>        conn.timeout = timeout_obj.connect_timeout<br/>    <br/>        # Trigger any extra validation we need to do.<br/>        try:<br/>            self._validate_conn(conn)<br/>        except (SocketTimeout, BaseSSLError) as e:<br/>            # Py2 raises this as a BaseSSLError, Py3 raises it as socket timeout.<br/>            self._raise_timeout(err=e, url=url, timeout_value=conn.timeout)<br/>            raise<br/>    <br/>        # conn.request() calls httplib.*.request, not the method in<br/>        # urllib3.request. It also calls makefile (recv) on the socket.<br/>        if chunked:<br/>            conn.request_chunked(method, url, **httplib_request_kw)<br/>        else:<br/>&gt;           conn.request(method, url, **httplib_request_kw)<br/><br/>E:\liang\tools\python3.7.2\lib\site-packages\urllib3\connectionpool.py:354: <br/>_ _ _ _ _ _ _ _ _ _ _ _ _ _ _ _ _ _ _ _ _ _ _ _ _ _ _ _ _ _ _ _ _ _ _ _ _ _ _ _<br/><br/>self = &lt;urllib3.connection.HTTPConnection object at 0x000002656443E780&gt;<br/>method = &#x27;POST&#x27;, url = &#x27;/wd/hub/session&#x27;<br/>body = &#x27;{&quot;capabilities&quot;: {&quot;firstMatch&quot;: [{&quot;appium:platformVersion&quot;: 6.0, &quot;platformName&quot;: &quot;Android&quot;, &quot;appium:deviceName&quot;: &quot;M9N...&quot;: &quot;com.tencent.wework.launch.LaunchSplashActivity&quot;, &quot;noReset&quot;: true, &quot;unicodeKeyboard&quot;: true, &quot;resetKeyboard&quot;: true}}&#x27;<br/>headers = {&#x27;Accept&#x27;: &#x27;application/json&#x27;, &#x27;Content-Type&#x27;: &#x27;application/json;charset=UTF-8&#x27;, &#x27;User-Agent&#x27;: &#x27;appium/python 0.40 (selenium/3.141.0 (python windows))&#x27;}<br/><br/>    def request(self, method, url, body=None, headers={}, *,<br/>                encode_chunked=False):<br/>        &quot;&quot;&quot;Send a complete request to the server.&quot;&quot;&quot;<br/>&gt;       self._send_request(method, url, body, headers, encode_chunked)<br/><br/>E:\liang\tools\python3.7.2\lib\http\client.py:1229: <br/>_ _ _ _ _ _ _ _ _ _ _ _ _ _ _ _ _ _ _ _ _ _ _ _ _ _ _ _ _ _ _ _ _ _ _ _ _ _ _ _<br/><br/>self = &lt;urllib3.connection.HTTPConnection object at 0x000002656443E780&gt;<br/>method = &#x27;POST&#x27;, url = &#x27;/wd/hub/session&#x27;<br/>body = b&#x27;{&quot;capabilities&quot;: {&quot;firstMatch&quot;: [{&quot;appium:platformVersion&quot;: 6.0, &quot;platformName&quot;: &quot;Android&quot;, &quot;appium:deviceName&quot;: &quot;M9...&quot;: &quot;com.tencent.wework.launch.LaunchSplashActivity&quot;, &quot;noReset&quot;: true, &quot;unicodeKeyboard&quot;: true, &quot;resetKeyboard&quot;: true}}&#x27;<br/>headers = {&#x27;Accept&#x27;: &#x27;application/json&#x27;, &#x27;Content-Type&#x27;: &#x27;application/json;charset=UTF-8&#x27;, &#x27;User-Agent&#x27;: &#x27;appium/python 0.40 (selenium/3.141.0 (python windows))&#x27;}<br/>encode_chunked = False<br/><br/>    def _send_request(self, method, url, body, headers, encode_chunked):<br/>        # Honor explicitly requested Host: and Accept-Encoding: headers.<br/>        header_names = frozenset(k.lower() for k in headers)<br/>        skips = {}<br/>        if &#x27;host&#x27; in header_names:<br/>            skips[&#x27;skip_host&#x27;] = 1<br/>        if &#x27;accept-encoding&#x27; in header_names:<br/>            skips[&#x27;skip_accept_encoding&#x27;] = 1<br/>    <br/>        self.putrequest(method, url, **skips)<br/>    <br/>        # chunked encoding will happen if HTTP/1.1 is used and either<br/>        # the caller passes encode_chunked=True or the following<br/>        # conditions hold:<br/>        # 1. content-length has not been explicitly set<br/>        # 2. the body is a file or iterable, but not a str or bytes-like<br/>        # 3. Transfer-Encoding has NOT been explicitly set by the caller<br/>    <br/>        if &#x27;content-length&#x27; not in header_names:<br/>            # only chunk body if not explicitly set for backwards<br/>            # compatibility, assuming the client code is already handling the<br/>            # chunking<br/>            if &#x27;transfer-encoding&#x27; not in header_names:<br/>                # if content-length cannot be automatically determined, fall<br/>                # back to chunked encoding<br/>                encode_chunked = False<br/>                content_length = self._get_content_length(body, method)<br/>                if content_length is None:<br/>                    if body is not None:<br/>                        if self.debuglevel &gt; 0:<br/>                            print(&#x27;Unable to determine size of %r&#x27; % body)<br/>                        encode_chunked = True<br/>                        self.putheader(&#x27;Transfer-Encoding&#x27;, &#x27;chunked&#x27;)<br/>                else:<br/>                    self.putheader(&#x27;Content-Length&#x27;, str(content_length))<br/>        else:<br/>            encode_chunked = False<br/>    <br/>        for hdr, value in headers.items():<br/>            self.putheader(hdr, value)<br/>        if isinstance(body, str):<br/>            # RFC 2616 Section 3.7.1 says that text default has a<br/>            # default charset of iso-8859-1.<br/>            body = _encode(body, &#x27;body&#x27;)<br/>&gt;       self.endheaders(body, encode_chunked=encode_chunked)<br/><br/>E:\liang\tools\python3.7.2\lib\http\client.py:1275: <br/>_ _ _ _ _ _ _ _ _ _ _ _ _ _ _ _ _ _ _ _ _ _ _ _ _ _ _ _ _ _ _ _ _ _ _ _ _ _ _ _<br/><br/>self = &lt;urllib3.connection.HTTPConnection object at 0x000002656443E780&gt;<br/>message_body = b&#x27;{&quot;capabilities&quot;: {&quot;firstMatch&quot;: [{&quot;appium:platformVersion&quot;: 6.0, &quot;platformName&quot;: &quot;Android&quot;, &quot;appium:deviceName&quot;: &quot;M9...&quot;: &quot;com.tencent.wework.launch.LaunchSplashActivity&quot;, &quot;noReset&quot;: true, &quot;unicodeKeyboard&quot;: true, &quot;resetKeyboard&quot;: true}}&#x27;<br/><br/>    def endheaders(self, message_body=None, *, encode_chunked=False):<br/>        &quot;&quot;&quot;Indicate that the last header line has been sent to the server.<br/>    <br/>        This method sends the request to the server.  The optional message_body<br/>        argument can be used to pass a message body associated with the<br/>        request.<br/>        &quot;&quot;&quot;<br/>        if self.__state == _CS_REQ_STARTED:<br/>            self.__state = _CS_REQ_SENT<br/>        else:<br/>            raise CannotSendHeader()<br/>&gt;       self._send_output(message_body, encode_chunked=encode_chunked)<br/><br/>E:\liang\tools\python3.7.2\lib\http\client.py:1224: <br/>_ _ _ _ _ _ _ _ _ _ _ _ _ _ _ _ _ _ _ _ _ _ _ _ _ _ _ _ _ _ _ _ _ _ _ _ _ _ _ _<br/><br/>self = &lt;urllib3.connection.HTTPConnection object at 0x000002656443E780&gt;<br/>message_body = b&#x27;{&quot;capabilities&quot;: {&quot;firstMatch&quot;: [{&quot;appium:platformVersion&quot;: 6.0, &quot;platformName&quot;: &quot;Android&quot;, &quot;appium:deviceName&quot;: &quot;M9...&quot;: &quot;com.tencent.wework.launch.LaunchSplashActivity&quot;, &quot;noReset&quot;: true, &quot;unicodeKeyboard&quot;: true, &quot;resetKeyboard&quot;: true}}&#x27;<br/>encode_chunked = False<br/><br/>    def _send_output(self, message_body=None, encode_chunked=False):<br/>        &quot;&quot;&quot;Send the currently buffered request and clear the buffer.<br/>    <br/>        Appends an extra \\r\\n to the buffer.<br/>        A message_body may be specified, to be appended to the request.<br/>        &quot;&quot;&quot;<br/>        self._buffer.extend((b&quot;&quot;, b&quot;&quot;))<br/>        msg = b&quot;\r\n&quot;.join(self._buffer)<br/>        del self._buffer[:]<br/>&gt;       self.send(msg)<br/><br/>E:\liang\tools\python3.7.2\lib\http\client.py:1016: <br/>_ _ _ _ _ _ _ _ _ _ _ _ _ _ _ _ _ _ _ _ _ _ _ _ _ _ _ _ _ _ _ _ _ _ _ _ _ _ _ _<br/><br/>self = &lt;urllib3.connection.HTTPConnection object at 0x000002656443E780&gt;<br/>data = b&#x27;POST /wd/hub/session HTTP/1.1\r\nHost: 127.0.0.1:4723\r\nAccept-Encoding: identity\r\nContent-Length: 612\r\nAccept:...ent-Type: application/json;charset=UTF-8\r\nUser-Agent: appium/python 0.40 (selenium/3.141.0 (python windows))\r\n\r\n&#x27;<br/><br/>    def send(self, data):<br/>        &quot;&quot;&quot;Send `data&#x27; to the server.<br/>        ``data`` can be a string object, a bytes object, an array object, a<br/>        file-like object that supports a .read() method, or an iterable object.<br/>        &quot;&quot;&quot;<br/>    <br/>        if self.sock is None:<br/>            if self.auto_open:<br/>&gt;               self.connect()<br/><br/>E:\liang\tools\python3.7.2\lib\http\client.py:956: <br/>_ _ _ _ _ _ _ _ _ _ _ _ _ _ _ _ _ _ _ _ _ _ _ _ _ _ _ _ _ _ _ _ _ _ _ _ _ _ _ _<br/><br/>self = &lt;urllib3.connection.HTTPConnection object at 0x000002656443E780&gt;<br/><br/>    def connect(self):<br/>&gt;       conn = self._new_conn()<br/><br/>E:\liang\tools\python3.7.2\lib\site-packages\urllib3\connection.py:181: <br/>_ _ _ _ _ _ _ _ _ _ _ _ _ _ _ _ _ _ _ _ _ _ _ _ _ _ _ _ _ _ _ _ _ _ _ _ _ _ _ _<br/><br/>self = &lt;urllib3.connection.HTTPConnection object at 0x000002656443E780&gt;<br/><br/>    def _new_conn(self):<br/>        &quot;&quot;&quot; Establish a socket connection and set nodelay settings on it.<br/>    <br/>        :return: New socket connection.<br/>        &quot;&quot;&quot;<br/>        extra_kw = {}<br/>        if self.source_address:<br/>            extra_kw[&#x27;source_address&#x27;] = self.source_address<br/>    <br/>        if self.socket_options:<br/>            extra_kw[&#x27;socket_options&#x27;] = self.socket_options<br/>    <br/>        try:<br/>            conn = connection.create_connection(<br/>                (self._dns_host, self.port), self.timeout, **extra_kw)<br/>    <br/>        except SocketTimeout as e:<br/>            raise ConnectTimeoutError(<br/>                self, &quot;Connection to %s timed out. (connect timeout=%s)&quot; %<br/>                (self.host, self.timeout))<br/>    <br/>        except SocketError as e:<br/>            raise NewConnectionError(<br/>&gt;               self, &quot;Failed to establish a new connection: %s&quot; % e)<br/><span class="error">E           urllib3.exceptions.NewConnectionError: &lt;urllib3.connection.HTTPConnection object at 0x000002656443E780&gt;: Failed to establish a new connection: [WinError 10061] 由于目标计算机积极拒绝，无法连接。</span><br/><br/>E:\liang\tools\python3.7.2\lib\site-packages\urllib3\connection.py:168: NewConnectionError<br/><br/>During handling of the above exception, another exception occurred:<br/><br/>    @pytest.fixture(scope=&quot;module&quot;)<br/>    def startApp():<br/>        &quot;单纯启动APP，返回driver&quot;<br/>&gt;       driver = baseDriver()<br/><br/>TestCase\conftest.py:24: <br/>_ _ _ _ _ _ _ _ _ _ _ _ _ _ _ _ _ _ _ _ _ _ _ _ _ _ _ _ _ _ _ _ _ _ _ _ _ _ _ _<br/>TestCase\conftest.py:18: in baseDriver<br/>    return webdriver.Remote(&#x27;http://127.0.0.1:{}/wd/hub&#x27;.format(server_port), desired_caps)<br/>E:\liang\tools\python3.7.2\lib\site-packages\appium\webdriver\webdriver.py:129: in __init__<br/>    proxy<br/>E:\liang\tools\python3.7.2\lib\site-packages\selenium\webdriver\remote\webdriver.py:157: in __init__<br/>    self.start_session(capabilities, browser_profile)<br/>E:\liang\tools\python3.7.2\lib\site-packages\appium\webdriver\webdriver.py:204: in start_session<br/>    response = self.execute(RemoteCommand.NEW_SESSION, parameters)<br/>E:\liang\tools\python3.7.2\lib\site-packages\selenium\webdriver\remote\webdriver.py:319: in execute<br/>    response = self.command_executor.execute(driver_command, params)<br/>E:\liang\tools\python3.7.2\lib\site-packages\selenium\webdriver\remote\remote_connection.py:374: in execute<br/>    return self._request(command_info[0], url, body=data)<br/>E:\liang\tools\python3.7.2\lib\site-packages\selenium\webdriver\remote\remote_connection.py:402: in _request<br/>    resp = http.request(method, url, body=body, headers=headers)<br/>E:\liang\tools\python3.7.2\lib\site-packages\urllib3\request.py:72: in request<br/>    **urlopen_kw)<br/>E:\liang\tools\python3.7.2\lib\site-packages\urllib3\request.py:150: in request_encode_body<br/>    return self.urlopen(method, url, **extra_kw)<br/>E:\liang\tools\python3.7.2\lib\site-packages\urllib3\poolmanager.py:323: in urlopen<br/>    response = conn.urlopen(method, u.request_uri, **kw)<br/>E:\liang\tools\python3.7.2\lib\site-packages\urllib3\connectionpool.py:667: in urlopen<br/>    **response_kw)<br/>E:\liang\tools\python3.7.2\lib\site-packages\urllib3\connectionpool.py:667: in urlopen<br/>    **response_kw)<br/>E:\liang\tools\python3.7.2\lib\site-packages\urllib3\connectionpool.py:667: in urlopen<br/>    **response_kw)<br/>E:\liang\tools\python3.7.2\lib\site-packages\urllib3\connectionpool.py:638: in urlopen<br/>    _stacktrace=sys.exc_info()[2])<br/>_ _ _ _ _ _ _ _ _ _ _ _ _ _ _ _ _ _ _ _ _ _ _ _ _ _ _ _ _ _ _ _ _ _ _ _ _ _ _ _<br/><br/>self = Retry(total=0, connect=None, read=None, redirect=None, status=None)<br/>method = &#x27;POST&#x27;, url = &#x27;/wd/hub/session&#x27;, response = None<br/>error = NewConnectionError(&#x27;&lt;urllib3.connection.HTTPConnection object at 0x000002656443E780&gt;: Failed to establish a new connection: [WinError 10061] 由于目标计算机积极拒绝，无法连接。&#x27;)<br/>_pool = &lt;urllib3.connectionpool.HTTPConnectionPool object at 0x000002656443E0F0&gt;<br/>_stacktrace = &lt;traceback object at 0x000002656445AA88&gt;<br/><br/>    def increment(self, method=None, url=None, response=None, error=None,<br/>                  _pool=None, _stacktrace=None):<br/>        &quot;&quot;&quot; Return a new Retry object with incremented retry counters.<br/>    <br/>        :param response: A response object, or None, if the server did not<br/>            return a response.<br/>        :type response: :class:`~urllib3.response.HTTPResponse`<br/>        :param Exception error: An error encountered during the request, or<br/>            None if the response was received successfully.<br/>    <br/>        :return: A new ``Retry`` object.<br/>        &quot;&quot;&quot;<br/>        if self.total is False and error:<br/>            # Disabled, indicate to re-raise the error.<br/>            raise six.reraise(type(error), error, _stacktrace)<br/>    <br/>        total = self.total<br/>        if total is not None:<br/>            total -= 1<br/>    <br/>        connect = self.connect<br/>        read = self.read<br/>        redirect = self.redirect<br/>        status_count = self.status<br/>        cause = &#x27;unknown&#x27;<br/>        status = None<br/>        redirect_location = None<br/>    <br/>        if error and self._is_connection_error(error):<br/>            # Connect retry?<br/>            if connect is False:<br/>                raise six.reraise(type(error), error, _stacktrace)<br/>            elif connect is not None:<br/>                connect -= 1<br/>    <br/>        elif error and self._is_read_error(error):<br/>            # Read retry?<br/>            if read is False or not self._is_method_retryable(method):<br/>                raise six.reraise(type(error), error, _stacktrace)<br/>            elif read is not None:<br/>                read -= 1<br/>    <br/>        elif response and response.get_redirect_location():<br/>            # Redirect retry?<br/>            if redirect is not None:<br/>                redirect -= 1<br/>            cause = &#x27;too many redirects&#x27;<br/>            redirect_location = response.get_redirect_location()<br/>            status = response.status<br/>    <br/>        else:<br/>            # Incrementing because of a server error like a 500 in<br/>            # status_forcelist and a the given method is in the whitelist<br/>            cause = ResponseError.GENERIC_ERROR<br/>            if response and response.status:<br/>                if status_count is not None:<br/>                    status_count -= 1<br/>                cause = ResponseError.SPECIFIC_ERROR.format(<br/>                    status_code=response.status)<br/>                status = response.status<br/>    <br/>        history = self.history + (RequestHistory(method, url, error, status, redirect_location),)<br/>    <br/>        new_retry = self.new(<br/>            total=total,<br/>            connect=connect, read=read, redirect=redirect, status=status_count,<br/>            history=history)<br/>    <br/>        if new_retry.is_exhausted():<br/>&gt;           raise MaxRetryError(_pool, url, error or ResponseError(cause))<br/><span class="error">E           urllib3.exceptions.MaxRetryError: HTTPConnectionPool(host=&#x27;127.0.0.1&#x27;, port=4723): Max retries exceeded with url: /wd/hub/session (Caused by NewConnectionError(&#x27;&lt;urllib3.connection.HTTPConnection object at 0x000002656443E780&gt;: Failed to establish a new connection: [WinError 10061] 由于目标计算机积极拒绝，无法连接。&#x27;))</span><br/><br/>E:\liang\tools\python3.7.2\lib\site-packages\urllib3\util\retry.py:398: MaxRetryError<br/>------------------------------ Captured log setup ------------------------------<br/>connectionpool.py          662 WARNING  Retrying (Retry(total=2, connect=None, read=None, redirect=None, status=None)) after connection broken by &#x27;NewConnectionError(&#x27;&lt;urllib3.connection.HTTPConnection object at 0x000002656443E198&gt;: Failed to establish a new connection: [WinError 10061] 由于目标计算机积极拒绝，无法连接。&#x27;)&#x27;: /wd/hub/session
connectionpool.py          662 WARNING  Retrying (Retry(total=1, connect=None, read=None, redirect=None, status=None)) after connection broken by &#x27;NewConnectionError(&#x27;&lt;urllib3.connection.HTTPConnection object at 0x000002656443E3C8&gt;: Failed to establish a new connection: [WinError 10061] 由于目标计算机积极拒绝，无法连接。&#x27;)&#x27;: /wd/hub/session
connectionpool.py          662 WARNING  Retrying (Retry(total=0, connect=None, read=None, redirect=None, status=None)) after connection broken by &#x27;NewConnectionError(&#x27;&lt;urllib3.connection.HTTPConnection object at 0x000002656443E5F8&gt;: Failed to establish a new connection: [WinError 10061] 由于目标计算机积极拒绝，无法连接。&#x27;)&#x27;: /wd/hub/session</div></td></tr></tbody>
      <tbody class="rerun results-table-row">
        <tr>
          <td class="col-result">Rerun</td>
          <td class="col-name">TestCase/test_submitClues.py::TestSubmintClues::test_submintClues_sucess::setup</td>
          <td class="col-duration">5.01</td>
          <td class="col-links"></td></tr>
        <tr>
          <td class="extra" colspan="4">
            <div class="log">self = &lt;urllib3.connection.HTTPConnection object at 0x000002656450D860&gt;<br/><br/>    def _new_conn(self):<br/>        &quot;&quot;&quot; Establish a socket connection and set nodelay settings on it.<br/>    <br/>        :return: New socket connection.<br/>        &quot;&quot;&quot;<br/>        extra_kw = {}<br/>        if self.source_address:<br/>            extra_kw[&#x27;source_address&#x27;] = self.source_address<br/>    <br/>        if self.socket_options:<br/>            extra_kw[&#x27;socket_options&#x27;] = self.socket_options<br/>    <br/>        try:<br/>            conn = connection.create_connection(<br/>&gt;               (self._dns_host, self.port), self.timeout, **extra_kw)<br/><br/>E:\liang\tools\python3.7.2\lib\site-packages\urllib3\connection.py:159: <br/>_ _ _ _ _ _ _ _ _ _ _ _ _ _ _ _ _ _ _ _ _ _ _ _ _ _ _ _ _ _ _ _ _ _ _ _ _ _ _ _<br/><br/>address = (&#x27;127.0.0.1&#x27;, 4723), timeout = &lt;object object at 0x000002655FE7E430&gt;<br/>source_address = None, socket_options = [(6, 1, 1)]<br/><br/>    def create_connection(address, timeout=socket._GLOBAL_DEFAULT_TIMEOUT,<br/>                          source_address=None, socket_options=None):<br/>        &quot;&quot;&quot;Connect to *address* and return the socket object.<br/>    <br/>        Convenience function.  Connect to *address* (a 2-tuple ``(host,<br/>        port)``) and return the socket object.  Passing the optional<br/>        *timeout* parameter will set the timeout on the socket instance<br/>        before attempting to connect.  If no *timeout* is supplied, the<br/>        global default timeout setting returned by :func:`getdefaulttimeout`<br/>        is used.  If *source_address* is set it must be a tuple of (host, port)<br/>        for the socket to bind as a source address before making the connection.<br/>        An host of &#x27;&#x27; or port 0 tells the OS to use the default.<br/>        &quot;&quot;&quot;<br/>    <br/>        host, port = address<br/>        if host.startswith(&#x27;[&#x27;):<br/>            host = host.strip(&#x27;[]&#x27;)<br/>        err = None<br/>    <br/>        # Using the value from allowed_gai_family() in the context of getaddrinfo lets<br/>        # us select whether to work with IPv4 DNS records, IPv6 records, or both.<br/>        # The original create_connection function always returns all records.<br/>        family = allowed_gai_family()<br/>    <br/>        for res in socket.getaddrinfo(host, port, family, socket.SOCK_STREAM):<br/>            af, socktype, proto, canonname, sa = res<br/>            sock = None<br/>            try:<br/>                sock = socket.socket(af, socktype, proto)<br/>    <br/>                # If provided, set socket level options before connecting.<br/>                _set_socket_options(sock, socket_options)<br/>    <br/>                if timeout is not socket._GLOBAL_DEFAULT_TIMEOUT:<br/>                    sock.settimeout(timeout)<br/>                if source_address:<br/>                    sock.bind(source_address)<br/>                sock.connect(sa)<br/>                return sock<br/>    <br/>            except socket.error as e:<br/>                err = e<br/>                if sock is not None:<br/>                    sock.close()<br/>                    sock = None<br/>    <br/>        if err is not None:<br/>&gt;           raise err<br/><br/>E:\liang\tools\python3.7.2\lib\site-packages\urllib3\util\connection.py:80: <br/>_ _ _ _ _ _ _ _ _ _ _ _ _ _ _ _ _ _ _ _ _ _ _ _ _ _ _ _ _ _ _ _ _ _ _ _ _ _ _ _<br/><br/>address = (&#x27;127.0.0.1&#x27;, 4723), timeout = &lt;object object at 0x000002655FE7E430&gt;<br/>source_address = None, socket_options = [(6, 1, 1)]<br/><br/>    def create_connection(address, timeout=socket._GLOBAL_DEFAULT_TIMEOUT,<br/>                          source_address=None, socket_options=None):<br/>        &quot;&quot;&quot;Connect to *address* and return the socket object.<br/>    <br/>        Convenience function.  Connect to *address* (a 2-tuple ``(host,<br/>        port)``) and return the socket object.  Passing the optional<br/>        *timeout* parameter will set the timeout on the socket instance<br/>        before attempting to connect.  If no *timeout* is supplied, the<br/>        global default timeout setting returned by :func:`getdefaulttimeout`<br/>        is used.  If *source_address* is set it must be a tuple of (host, port)<br/>        for the socket to bind as a source address before making the connection.<br/>        An host of &#x27;&#x27; or port 0 tells the OS to use the default.<br/>        &quot;&quot;&quot;<br/>    <br/>        host, port = address<br/>        if host.startswith(&#x27;[&#x27;):<br/>            host = host.strip(&#x27;[]&#x27;)<br/>        err = None<br/>    <br/>        # Using the value from allowed_gai_family() in the context of getaddrinfo lets<br/>        # us select whether to work with IPv4 DNS records, IPv6 records, or both.<br/>        # The original create_connection function always returns all records.<br/>        family = allowed_gai_family()<br/>    <br/>        for res in socket.getaddrinfo(host, port, family, socket.SOCK_STREAM):<br/>            af, socktype, proto, canonname, sa = res<br/>            sock = None<br/>            try:<br/>                sock = socket.socket(af, socktype, proto)<br/>    <br/>                # If provided, set socket level options before connecting.<br/>                _set_socket_options(sock, socket_options)<br/>    <br/>                if timeout is not socket._GLOBAL_DEFAULT_TIMEOUT:<br/>                    sock.settimeout(timeout)<br/>                if source_address:<br/>                    sock.bind(source_address)<br/>&gt;               sock.connect(sa)<br/><span class="error">E               ConnectionRefusedError: [WinError 10061] 由于目标计算机积极拒绝，无法连接。</span><br/><br/>E:\liang\tools\python3.7.2\lib\site-packages\urllib3\util\connection.py:70: ConnectionRefusedError<br/><br/>During handling of the above exception, another exception occurred:<br/><br/>self = &lt;urllib3.connectionpool.HTTPConnectionPool object at 0x000002656450D278&gt;<br/>method = &#x27;POST&#x27;, url = &#x27;/wd/hub/session&#x27;<br/>body = &#x27;{&quot;capabilities&quot;: {&quot;firstMatch&quot;: [{&quot;appium:platformVersion&quot;: 6.0, &quot;platformName&quot;: &quot;Android&quot;, &quot;appium:deviceName&quot;: &quot;M9N...&quot;: &quot;com.tencent.wework.launch.LaunchSplashActivity&quot;, &quot;noReset&quot;: true, &quot;unicodeKeyboard&quot;: true, &quot;resetKeyboard&quot;: true}}&#x27;<br/>headers = {&#x27;Accept&#x27;: &#x27;application/json&#x27;, &#x27;Content-Type&#x27;: &#x27;application/json;charset=UTF-8&#x27;, &#x27;User-Agent&#x27;: &#x27;appium/python 0.40 (selenium/3.141.0 (python windows))&#x27;}<br/>retries = Retry(total=0, connect=None, read=None, redirect=None, status=None)<br/>redirect = False, assert_same_host = False<br/>timeout = &lt;object object at 0x000002655FE7ED00&gt;, pool_timeout = None<br/>release_conn = True, chunked = False, body_pos = None<br/>response_kw = {&#x27;request_url&#x27;: &#x27;http://127.0.0.1:4723/wd/hub/session&#x27;}<br/>conn = None, release_this_conn = True, err = None, clean_exit = False<br/>timeout_obj = &lt;urllib3.util.timeout.Timeout object at 0x000002656450D6D8&gt;<br/>is_new_proxy_conn = False<br/><br/>    def urlopen(self, method, url, body=None, headers=None, retries=None,<br/>                redirect=True, assert_same_host=True, timeout=_Default,<br/>                pool_timeout=None, release_conn=None, chunked=False,<br/>                body_pos=None, **response_kw):<br/>        &quot;&quot;&quot;<br/>        Get a connection from the pool and perform an HTTP request. This is the<br/>        lowest level call for making a request, so you&#x27;ll need to specify all<br/>        the raw details.<br/>    <br/>        .. note::<br/>    <br/>           More commonly, it&#x27;s appropriate to use a convenience method provided<br/>           by :class:`.RequestMethods`, such as :meth:`request`.<br/>    <br/>        .. note::<br/>    <br/>           `release_conn` will only behave as expected if<br/>           `preload_content=False` because we want to make<br/>           `preload_content=False` the default behaviour someday soon without<br/>           breaking backwards compatibility.<br/>    <br/>        :param method:<br/>            HTTP request method (such as GET, POST, PUT, etc.)<br/>    <br/>        :param body:<br/>            Data to send in the request body (useful for creating<br/>            POST requests, see HTTPConnectionPool.post_url for<br/>            more convenience).<br/>    <br/>        :param headers:<br/>            Dictionary of custom headers to send, such as User-Agent,<br/>            If-None-Match, etc. If None, pool headers are used. If provided,<br/>            these headers completely replace any pool-specific headers.<br/>    <br/>        :param retries:<br/>            Configure the number of retries to allow before raising a<br/>            :class:`~urllib3.exceptions.MaxRetryError` exception.<br/>    <br/>            Pass ``None`` to retry until you receive a response. Pass a<br/>            :class:`~urllib3.util.retry.Retry` object for fine-grained control<br/>            over different types of retries.<br/>            Pass an integer number to retry connection errors that many times,<br/>            but no other types of errors. Pass zero to never retry.<br/>    <br/>            If ``False``, then retries are disabled and any exception is raised<br/>            immediately. Also, instead of raising a MaxRetryError on redirects,<br/>            the redirect response will be returned.<br/>    <br/>        :type retries: :class:`~urllib3.util.retry.Retry`, False, or an int.<br/>    <br/>        :param redirect:<br/>            If True, automatically handle redirects (status codes 301, 302,<br/>            303, 307, 308). Each redirect counts as a retry. Disabling retries<br/>            will disable redirect, too.<br/>    <br/>        :param assert_same_host:<br/>            If ``True``, will make sure that the host of the pool requests is<br/>            consistent else will raise HostChangedError. When False, you can<br/>            use the pool on an HTTP proxy and request foreign hosts.<br/>    <br/>        :param timeout:<br/>            If specified, overrides the default timeout for this one<br/>            request. It may be a float (in seconds) or an instance of<br/>            :class:`urllib3.util.Timeout`.<br/>    <br/>        :param pool_timeout:<br/>            If set and the pool is set to block=True, then this method will<br/>            block for ``pool_timeout`` seconds and raise EmptyPoolError if no<br/>            connection is available within the time period.<br/>    <br/>        :param release_conn:<br/>            If False, then the urlopen call will not release the connection<br/>            back into the pool once a response is received (but will release if<br/>            you read the entire contents of the response such as when<br/>            `preload_content=True`). This is useful if you&#x27;re not preloading<br/>            the response&#x27;s content immediately. You will need to call<br/>            ``r.release_conn()`` on the response ``r`` to return the connection<br/>            back into the pool. If None, it takes the value of<br/>            ``response_kw.get(&#x27;preload_content&#x27;, True)``.<br/>    <br/>        :param chunked:<br/>            If True, urllib3 will send the body using chunked transfer<br/>            encoding. Otherwise, urllib3 will send the body using the standard<br/>            content-length form. Defaults to False.<br/>    <br/>        :param int body_pos:<br/>            Position to seek to in file-like body in the event of a retry or<br/>            redirect. Typically this won&#x27;t need to be set because urllib3 will<br/>            auto-populate the value when needed.<br/>    <br/>        :param \\**response_kw:<br/>            Additional parameters are passed to<br/>            :meth:`urllib3.response.HTTPResponse.from_httplib`<br/>        &quot;&quot;&quot;<br/>        if headers is None:<br/>            headers = self.headers<br/>    <br/>        if not isinstance(retries, Retry):<br/>            retries = Retry.from_int(retries, redirect=redirect, default=self.retries)<br/>    <br/>        if release_conn is None:<br/>            release_conn = response_kw.get(&#x27;preload_content&#x27;, True)<br/>    <br/>        # Check host<br/>        if assert_same_host and not self.is_same_host(url):<br/>            raise HostChangedError(self, url, retries)<br/>    <br/>        conn = None<br/>    <br/>        # Track whether `conn` needs to be released before<br/>        # returning/raising/recursing. Update this variable if necessary, and<br/>        # leave `release_conn` constant throughout the function. That way, if<br/>        # the function recurses, the original value of `release_conn` will be<br/>        # passed down into the recursive call, and its value will be respected.<br/>        #<br/>        # See issue #651 [1] for details.<br/>        #<br/>        # [1] &lt;https://github.com/shazow/urllib3/issues/651&gt;<br/>        release_this_conn = release_conn<br/>    <br/>        # Merge the proxy headers. Only do this in HTTP. We have to copy the<br/>        # headers dict so we can safely change it without those changes being<br/>        # reflected in anyone else&#x27;s copy.<br/>        if self.scheme == &#x27;http&#x27;:<br/>            headers = headers.copy()<br/>            headers.update(self.proxy_headers)<br/>    <br/>        # Must keep the exception bound to a separate variable or else Python 3<br/>        # complains about UnboundLocalError.<br/>        err = None<br/>    <br/>        # Keep track of whether we cleanly exited the except block. This<br/>        # ensures we do proper cleanup in finally.<br/>        clean_exit = False<br/>    <br/>        # Rewind body position, if needed. Record current position<br/>        # for future rewinds in the event of a redirect/retry.<br/>        body_pos = set_file_position(body, body_pos)<br/>    <br/>        try:<br/>            # Request a connection from the queue.<br/>            timeout_obj = self._get_timeout(timeout)<br/>            conn = self._get_conn(timeout=pool_timeout)<br/>    <br/>            conn.timeout = timeout_obj.connect_timeout<br/>    <br/>            is_new_proxy_conn = self.proxy is not None and not getattr(conn, &#x27;sock&#x27;, None)<br/>            if is_new_proxy_conn:<br/>                self._prepare_proxy(conn)<br/>    <br/>            # Make the request on the httplib connection object.<br/>            httplib_response = self._make_request(conn, method, url,<br/>                                                  timeout=timeout_obj,<br/>                                                  body=body, headers=headers,<br/>&gt;                                                 chunked=chunked)<br/><br/>E:\liang\tools\python3.7.2\lib\site-packages\urllib3\connectionpool.py:600: <br/>_ _ _ _ _ _ _ _ _ _ _ _ _ _ _ _ _ _ _ _ _ _ _ _ _ _ _ _ _ _ _ _ _ _ _ _ _ _ _ _<br/><br/>self = &lt;urllib3.connectionpool.HTTPConnectionPool object at 0x000002656450D278&gt;<br/>conn = &lt;urllib3.connection.HTTPConnection object at 0x000002656450D860&gt;<br/>method = &#x27;POST&#x27;, url = &#x27;/wd/hub/session&#x27;<br/>timeout = &lt;urllib3.util.timeout.Timeout object at 0x000002656450D6D8&gt;<br/>chunked = False<br/>httplib_request_kw = {&#x27;body&#x27;: &#x27;{&quot;capabilities&quot;: {&quot;firstMatch&quot;: [{&quot;appium:platformVersion&quot;: 6.0, &quot;platformName&quot;: &quot;Android&quot;, &quot;appium:deviceNa...ntent-Type&#x27;: &#x27;application/json;charset=UTF-8&#x27;, &#x27;User-Agent&#x27;: &#x27;appium/python 0.40 (selenium/3.141.0 (python windows))&#x27;}}<br/>timeout_obj = &lt;urllib3.util.timeout.Timeout object at 0x000002656450D908&gt;<br/><br/>    def _make_request(self, conn, method, url, timeout=_Default, chunked=False,<br/>                      **httplib_request_kw):<br/>        &quot;&quot;&quot;<br/>        Perform a request on a given urllib connection object taken from our<br/>        pool.<br/>    <br/>        :param conn:<br/>            a connection from one of our connection pools<br/>    <br/>        :param timeout:<br/>            Socket timeout in seconds for the request. This can be a<br/>            float or integer, which will set the same timeout value for<br/>            the socket connect and the socket read, or an instance of<br/>            :class:`urllib3.util.Timeout`, which gives you more fine-grained<br/>            control over your timeouts.<br/>        &quot;&quot;&quot;<br/>        self.num_requests += 1<br/>    <br/>        timeout_obj = self._get_timeout(timeout)<br/>        timeout_obj.start_connect()<br/>        conn.timeout = timeout_obj.connect_timeout<br/>    <br/>        # Trigger any extra validation we need to do.<br/>        try:<br/>            self._validate_conn(conn)<br/>        except (SocketTimeout, BaseSSLError) as e:<br/>            # Py2 raises this as a BaseSSLError, Py3 raises it as socket timeout.<br/>            self._raise_timeout(err=e, url=url, timeout_value=conn.timeout)<br/>            raise<br/>    <br/>        # conn.request() calls httplib.*.request, not the method in<br/>        # urllib3.request. It also calls makefile (recv) on the socket.<br/>        if chunked:<br/>            conn.request_chunked(method, url, **httplib_request_kw)<br/>        else:<br/>&gt;           conn.request(method, url, **httplib_request_kw)<br/><br/>E:\liang\tools\python3.7.2\lib\site-packages\urllib3\connectionpool.py:354: <br/>_ _ _ _ _ _ _ _ _ _ _ _ _ _ _ _ _ _ _ _ _ _ _ _ _ _ _ _ _ _ _ _ _ _ _ _ _ _ _ _<br/><br/>self = &lt;urllib3.connection.HTTPConnection object at 0x000002656450D860&gt;<br/>method = &#x27;POST&#x27;, url = &#x27;/wd/hub/session&#x27;<br/>body = &#x27;{&quot;capabilities&quot;: {&quot;firstMatch&quot;: [{&quot;appium:platformVersion&quot;: 6.0, &quot;platformName&quot;: &quot;Android&quot;, &quot;appium:deviceName&quot;: &quot;M9N...&quot;: &quot;com.tencent.wework.launch.LaunchSplashActivity&quot;, &quot;noReset&quot;: true, &quot;unicodeKeyboard&quot;: true, &quot;resetKeyboard&quot;: true}}&#x27;<br/>headers = {&#x27;Accept&#x27;: &#x27;application/json&#x27;, &#x27;Content-Type&#x27;: &#x27;application/json;charset=UTF-8&#x27;, &#x27;User-Agent&#x27;: &#x27;appium/python 0.40 (selenium/3.141.0 (python windows))&#x27;}<br/><br/>    def request(self, method, url, body=None, headers={}, *,<br/>                encode_chunked=False):<br/>        &quot;&quot;&quot;Send a complete request to the server.&quot;&quot;&quot;<br/>&gt;       self._send_request(method, url, body, headers, encode_chunked)<br/><br/>E:\liang\tools\python3.7.2\lib\http\client.py:1229: <br/>_ _ _ _ _ _ _ _ _ _ _ _ _ _ _ _ _ _ _ _ _ _ _ _ _ _ _ _ _ _ _ _ _ _ _ _ _ _ _ _<br/><br/>self = &lt;urllib3.connection.HTTPConnection object at 0x000002656450D860&gt;<br/>method = &#x27;POST&#x27;, url = &#x27;/wd/hub/session&#x27;<br/>body = b&#x27;{&quot;capabilities&quot;: {&quot;firstMatch&quot;: [{&quot;appium:platformVersion&quot;: 6.0, &quot;platformName&quot;: &quot;Android&quot;, &quot;appium:deviceName&quot;: &quot;M9...&quot;: &quot;com.tencent.wework.launch.LaunchSplashActivity&quot;, &quot;noReset&quot;: true, &quot;unicodeKeyboard&quot;: true, &quot;resetKeyboard&quot;: true}}&#x27;<br/>headers = {&#x27;Accept&#x27;: &#x27;application/json&#x27;, &#x27;Content-Type&#x27;: &#x27;application/json;charset=UTF-8&#x27;, &#x27;User-Agent&#x27;: &#x27;appium/python 0.40 (selenium/3.141.0 (python windows))&#x27;}<br/>encode_chunked = False<br/><br/>    def _send_request(self, method, url, body, headers, encode_chunked):<br/>        # Honor explicitly requested Host: and Accept-Encoding: headers.<br/>        header_names = frozenset(k.lower() for k in headers)<br/>        skips = {}<br/>        if &#x27;host&#x27; in header_names:<br/>            skips[&#x27;skip_host&#x27;] = 1<br/>        if &#x27;accept-encoding&#x27; in header_names:<br/>            skips[&#x27;skip_accept_encoding&#x27;] = 1<br/>    <br/>        self.putrequest(method, url, **skips)<br/>    <br/>        # chunked encoding will happen if HTTP/1.1 is used and either<br/>        # the caller passes encode_chunked=True or the following<br/>        # conditions hold:<br/>        # 1. content-length has not been explicitly set<br/>        # 2. the body is a file or iterable, but not a str or bytes-like<br/>        # 3. Transfer-Encoding has NOT been explicitly set by the caller<br/>    <br/>        if &#x27;content-length&#x27; not in header_names:<br/>            # only chunk body if not explicitly set for backwards<br/>            # compatibility, assuming the client code is already handling the<br/>            # chunking<br/>            if &#x27;transfer-encoding&#x27; not in header_names:<br/>                # if content-length cannot be automatically determined, fall<br/>                # back to chunked encoding<br/>                encode_chunked = False<br/>                content_length = self._get_content_length(body, method)<br/>                if content_length is None:<br/>                    if body is not None:<br/>                        if self.debuglevel &gt; 0:<br/>                            print(&#x27;Unable to determine size of %r&#x27; % body)<br/>                        encode_chunked = True<br/>                        self.putheader(&#x27;Transfer-Encoding&#x27;, &#x27;chunked&#x27;)<br/>                else:<br/>                    self.putheader(&#x27;Content-Length&#x27;, str(content_length))<br/>        else:<br/>            encode_chunked = False<br/>    <br/>        for hdr, value in headers.items():<br/>            self.putheader(hdr, value)<br/>        if isinstance(body, str):<br/>            # RFC 2616 Section 3.7.1 says that text default has a<br/>            # default charset of iso-8859-1.<br/>            body = _encode(body, &#x27;body&#x27;)<br/>&gt;       self.endheaders(body, encode_chunked=encode_chunked)<br/><br/>E:\liang\tools\python3.7.2\lib\http\client.py:1275: <br/>_ _ _ _ _ _ _ _ _ _ _ _ _ _ _ _ _ _ _ _ _ _ _ _ _ _ _ _ _ _ _ _ _ _ _ _ _ _ _ _<br/><br/>self = &lt;urllib3.connection.HTTPConnection object at 0x000002656450D860&gt;<br/>message_body = b&#x27;{&quot;capabilities&quot;: {&quot;firstMatch&quot;: [{&quot;appium:platformVersion&quot;: 6.0, &quot;platformName&quot;: &quot;Android&quot;, &quot;appium:deviceName&quot;: &quot;M9...&quot;: &quot;com.tencent.wework.launch.LaunchSplashActivity&quot;, &quot;noReset&quot;: true, &quot;unicodeKeyboard&quot;: true, &quot;resetKeyboard&quot;: true}}&#x27;<br/><br/>    def endheaders(self, message_body=None, *, encode_chunked=False):<br/>        &quot;&quot;&quot;Indicate that the last header line has been sent to the server.<br/>    <br/>        This method sends the request to the server.  The optional message_body<br/>        argument can be used to pass a message body associated with the<br/>        request.<br/>        &quot;&quot;&quot;<br/>        if self.__state == _CS_REQ_STARTED:<br/>            self.__state = _CS_REQ_SENT<br/>        else:<br/>            raise CannotSendHeader()<br/>&gt;       self._send_output(message_body, encode_chunked=encode_chunked)<br/><br/>E:\liang\tools\python3.7.2\lib\http\client.py:1224: <br/>_ _ _ _ _ _ _ _ _ _ _ _ _ _ _ _ _ _ _ _ _ _ _ _ _ _ _ _ _ _ _ _ _ _ _ _ _ _ _ _<br/><br/>self = &lt;urllib3.connection.HTTPConnection object at 0x000002656450D860&gt;<br/>message_body = b&#x27;{&quot;capabilities&quot;: {&quot;firstMatch&quot;: [{&quot;appium:platformVersion&quot;: 6.0, &quot;platformName&quot;: &quot;Android&quot;, &quot;appium:deviceName&quot;: &quot;M9...&quot;: &quot;com.tencent.wework.launch.LaunchSplashActivity&quot;, &quot;noReset&quot;: true, &quot;unicodeKeyboard&quot;: true, &quot;resetKeyboard&quot;: true}}&#x27;<br/>encode_chunked = False<br/><br/>    def _send_output(self, message_body=None, encode_chunked=False):<br/>        &quot;&quot;&quot;Send the currently buffered request and clear the buffer.<br/>    <br/>        Appends an extra \\r\\n to the buffer.<br/>        A message_body may be specified, to be appended to the request.<br/>        &quot;&quot;&quot;<br/>        self._buffer.extend((b&quot;&quot;, b&quot;&quot;))<br/>        msg = b&quot;\r\n&quot;.join(self._buffer)<br/>        del self._buffer[:]<br/>&gt;       self.send(msg)<br/><br/>E:\liang\tools\python3.7.2\lib\http\client.py:1016: <br/>_ _ _ _ _ _ _ _ _ _ _ _ _ _ _ _ _ _ _ _ _ _ _ _ _ _ _ _ _ _ _ _ _ _ _ _ _ _ _ _<br/><br/>self = &lt;urllib3.connection.HTTPConnection object at 0x000002656450D860&gt;<br/>data = b&#x27;POST /wd/hub/session HTTP/1.1\r\nHost: 127.0.0.1:4723\r\nAccept-Encoding: identity\r\nContent-Length: 612\r\nAccept:...ent-Type: application/json;charset=UTF-8\r\nUser-Agent: appium/python 0.40 (selenium/3.141.0 (python windows))\r\n\r\n&#x27;<br/><br/>    def send(self, data):<br/>        &quot;&quot;&quot;Send `data&#x27; to the server.<br/>        ``data`` can be a string object, a bytes object, an array object, a<br/>        file-like object that supports a .read() method, or an iterable object.<br/>        &quot;&quot;&quot;<br/>    <br/>        if self.sock is None:<br/>            if self.auto_open:<br/>&gt;               self.connect()<br/><br/>E:\liang\tools\python3.7.2\lib\http\client.py:956: <br/>_ _ _ _ _ _ _ _ _ _ _ _ _ _ _ _ _ _ _ _ _ _ _ _ _ _ _ _ _ _ _ _ _ _ _ _ _ _ _ _<br/><br/>self = &lt;urllib3.connection.HTTPConnection object at 0x000002656450D860&gt;<br/><br/>    def connect(self):<br/>&gt;       conn = self._new_conn()<br/><br/>E:\liang\tools\python3.7.2\lib\site-packages\urllib3\connection.py:181: <br/>_ _ _ _ _ _ _ _ _ _ _ _ _ _ _ _ _ _ _ _ _ _ _ _ _ _ _ _ _ _ _ _ _ _ _ _ _ _ _ _<br/><br/>self = &lt;urllib3.connection.HTTPConnection object at 0x000002656450D860&gt;<br/><br/>    def _new_conn(self):<br/>        &quot;&quot;&quot; Establish a socket connection and set nodelay settings on it.<br/>    <br/>        :return: New socket connection.<br/>        &quot;&quot;&quot;<br/>        extra_kw = {}<br/>        if self.source_address:<br/>            extra_kw[&#x27;source_address&#x27;] = self.source_address<br/>    <br/>        if self.socket_options:<br/>            extra_kw[&#x27;socket_options&#x27;] = self.socket_options<br/>    <br/>        try:<br/>            conn = connection.create_connection(<br/>                (self._dns_host, self.port), self.timeout, **extra_kw)<br/>    <br/>        except SocketTimeout as e:<br/>            raise ConnectTimeoutError(<br/>                self, &quot;Connection to %s timed out. (connect timeout=%s)&quot; %<br/>                (self.host, self.timeout))<br/>    <br/>        except SocketError as e:<br/>            raise NewConnectionError(<br/>&gt;               self, &quot;Failed to establish a new connection: %s&quot; % e)<br/><span class="error">E           urllib3.exceptions.NewConnectionError: &lt;urllib3.connection.HTTPConnection object at 0x000002656450D860&gt;: Failed to establish a new connection: [WinError 10061] 由于目标计算机积极拒绝，无法连接。</span><br/><br/>E:\liang\tools\python3.7.2\lib\site-packages\urllib3\connection.py:168: NewConnectionError<br/><br/>During handling of the above exception, another exception occurred:<br/><br/>    @pytest.fixture(scope=&quot;module&quot;)<br/>    def startApp():<br/>        &quot;单纯启动APP，返回driver&quot;<br/>&gt;       driver = baseDriver()<br/><br/>TestCase\conftest.py:24: <br/>_ _ _ _ _ _ _ _ _ _ _ _ _ _ _ _ _ _ _ _ _ _ _ _ _ _ _ _ _ _ _ _ _ _ _ _ _ _ _ _<br/>TestCase\conftest.py:18: in baseDriver<br/>    return webdriver.Remote(&#x27;http://127.0.0.1:{}/wd/hub&#x27;.format(server_port), desired_caps)<br/>E:\liang\tools\python3.7.2\lib\site-packages\appium\webdriver\webdriver.py:129: in __init__<br/>    proxy<br/>E:\liang\tools\python3.7.2\lib\site-packages\selenium\webdriver\remote\webdriver.py:157: in __init__<br/>    self.start_session(capabilities, browser_profile)<br/>E:\liang\tools\python3.7.2\lib\site-packages\appium\webdriver\webdriver.py:204: in start_session<br/>    response = self.execute(RemoteCommand.NEW_SESSION, parameters)<br/>E:\liang\tools\python3.7.2\lib\site-packages\selenium\webdriver\remote\webdriver.py:319: in execute<br/>    response = self.command_executor.execute(driver_command, params)<br/>E:\liang\tools\python3.7.2\lib\site-packages\selenium\webdriver\remote\remote_connection.py:374: in execute<br/>    return self._request(command_info[0], url, body=data)<br/>E:\liang\tools\python3.7.2\lib\site-packages\selenium\webdriver\remote\remote_connection.py:402: in _request<br/>    resp = http.request(method, url, body=body, headers=headers)<br/>E:\liang\tools\python3.7.2\lib\site-packages\urllib3\request.py:72: in request<br/>    **urlopen_kw)<br/>E:\liang\tools\python3.7.2\lib\site-packages\urllib3\request.py:150: in request_encode_body<br/>    return self.urlopen(method, url, **extra_kw)<br/>E:\liang\tools\python3.7.2\lib\site-packages\urllib3\poolmanager.py:323: in urlopen<br/>    response = conn.urlopen(method, u.request_uri, **kw)<br/>E:\liang\tools\python3.7.2\lib\site-packages\urllib3\connectionpool.py:667: in urlopen<br/>    **response_kw)<br/>E:\liang\tools\python3.7.2\lib\site-packages\urllib3\connectionpool.py:667: in urlopen<br/>    **response_kw)<br/>E:\liang\tools\python3.7.2\lib\site-packages\urllib3\connectionpool.py:667: in urlopen<br/>    **response_kw)<br/>E:\liang\tools\python3.7.2\lib\site-packages\urllib3\connectionpool.py:638: in urlopen<br/>    _stacktrace=sys.exc_info()[2])<br/>_ _ _ _ _ _ _ _ _ _ _ _ _ _ _ _ _ _ _ _ _ _ _ _ _ _ _ _ _ _ _ _ _ _ _ _ _ _ _ _<br/><br/>self = Retry(total=0, connect=None, read=None, redirect=None, status=None)<br/>method = &#x27;POST&#x27;, url = &#x27;/wd/hub/session&#x27;, response = None<br/>error = NewConnectionError(&#x27;&lt;urllib3.connection.HTTPConnection object at 0x000002656450D860&gt;: Failed to establish a new connection: [WinError 10061] 由于目标计算机积极拒绝，无法连接。&#x27;)<br/>_pool = &lt;urllib3.connectionpool.HTTPConnectionPool object at 0x000002656450D278&gt;<br/>_stacktrace = &lt;traceback object at 0x000002656479DD08&gt;<br/><br/>    def increment(self, method=None, url=None, response=None, error=None,<br/>                  _pool=None, _stacktrace=None):<br/>        &quot;&quot;&quot; Return a new Retry object with incremented retry counters.<br/>    <br/>        :param response: A response object, or None, if the server did not<br/>            return a response.<br/>        :type response: :class:`~urllib3.response.HTTPResponse`<br/>        :param Exception error: An error encountered during the request, or<br/>            None if the response was received successfully.<br/>    <br/>        :return: A new ``Retry`` object.<br/>        &quot;&quot;&quot;<br/>        if self.total is False and error:<br/>            # Disabled, indicate to re-raise the error.<br/>            raise six.reraise(type(error), error, _stacktrace)<br/>    <br/>        total = self.total<br/>        if total is not None:<br/>            total -= 1<br/>    <br/>        connect = self.connect<br/>        read = self.read<br/>        redirect = self.redirect<br/>        status_count = self.status<br/>        cause = &#x27;unknown&#x27;<br/>        status = None<br/>        redirect_location = None<br/>    <br/>        if error and self._is_connection_error(error):<br/>            # Connect retry?<br/>            if connect is False:<br/>                raise six.reraise(type(error), error, _stacktrace)<br/>            elif connect is not None:<br/>                connect -= 1<br/>    <br/>        elif error and self._is_read_error(error):<br/>            # Read retry?<br/>            if read is False or not self._is_method_retryable(method):<br/>                raise six.reraise(type(error), error, _stacktrace)<br/>            elif read is not None:<br/>                read -= 1<br/>    <br/>        elif response and response.get_redirect_location():<br/>            # Redirect retry?<br/>            if redirect is not None:<br/>                redirect -= 1<br/>            cause = &#x27;too many redirects&#x27;<br/>            redirect_location = response.get_redirect_location()<br/>            status = response.status<br/>    <br/>        else:<br/>            # Incrementing because of a server error like a 500 in<br/>            # status_forcelist and a the given method is in the whitelist<br/>            cause = ResponseError.GENERIC_ERROR<br/>            if response and response.status:<br/>                if status_count is not None:<br/>                    status_count -= 1<br/>                cause = ResponseError.SPECIFIC_ERROR.format(<br/>                    status_code=response.status)<br/>                status = response.status<br/>    <br/>        history = self.history + (RequestHistory(method, url, error, status, redirect_location),)<br/>    <br/>        new_retry = self.new(<br/>            total=total,<br/>            connect=connect, read=read, redirect=redirect, status=status_count,<br/>            history=history)<br/>    <br/>        if new_retry.is_exhausted():<br/>&gt;           raise MaxRetryError(_pool, url, error or ResponseError(cause))<br/><span class="error">E           urllib3.exceptions.MaxRetryError: HTTPConnectionPool(host=&#x27;127.0.0.1&#x27;, port=4723): Max retries exceeded with url: /wd/hub/session (Caused by NewConnectionError(&#x27;&lt;urllib3.connection.HTTPConnection object at 0x000002656450D860&gt;: Failed to establish a new connection: [WinError 10061] 由于目标计算机积极拒绝，无法连接。&#x27;))</span><br/><br/>E:\liang\tools\python3.7.2\lib\site-packages\urllib3\util\retry.py:398: MaxRetryError<br/>------------------------------ Captured log setup ------------------------------<br/>connectionpool.py          662 WARNING  Retrying (Retry(total=2, connect=None, read=None, redirect=None, status=None)) after connection broken by &#x27;NewConnectionError(&#x27;&lt;urllib3.connection.HTTPConnection object at 0x000002656443E198&gt;: Failed to establish a new connection: [WinError 10061] 由于目标计算机积极拒绝，无法连接。&#x27;)&#x27;: /wd/hub/session
connectionpool.py          662 WARNING  Retrying (Retry(total=1, connect=None, read=None, redirect=None, status=None)) after connection broken by &#x27;NewConnectionError(&#x27;&lt;urllib3.connection.HTTPConnection object at 0x000002656443E3C8&gt;: Failed to establish a new connection: [WinError 10061] 由于目标计算机积极拒绝，无法连接。&#x27;)&#x27;: /wd/hub/session
connectionpool.py          662 WARNING  Retrying (Retry(total=0, connect=None, read=None, redirect=None, status=None)) after connection broken by &#x27;NewConnectionError(&#x27;&lt;urllib3.connection.HTTPConnection object at 0x000002656443E5F8&gt;: Failed to establish a new connection: [WinError 10061] 由于目标计算机积极拒绝，无法连接。&#x27;)&#x27;: /wd/hub/session------------------------------ Captured log setup ------------------------------<br/>connectionpool.py          662 WARNING  Retrying (Retry(total=2, connect=None, read=None, redirect=None, status=None)) after connection broken by &#x27;NewConnectionError(&#x27;&lt;urllib3.connection.HTTPConnection object at 0x000002656450D470&gt;: Failed to establish a new connection: [WinError 10061] 由于目标计算机积极拒绝，无法连接。&#x27;)&#x27;: /wd/hub/session
connectionpool.py          662 WARNING  Retrying (Retry(total=1, connect=None, read=None, redirect=None, status=None)) after connection broken by &#x27;NewConnectionError(&#x27;&lt;urllib3.connection.HTTPConnection object at 0x000002656450D518&gt;: Failed to establish a new connection: [WinError 10061] 由于目标计算机积极拒绝，无法连接。&#x27;)&#x27;: /wd/hub/session
connectionpool.py          662 WARNING  Retrying (Retry(total=0, connect=None, read=None, redirect=None, status=None)) after connection broken by &#x27;NewConnectionError(&#x27;&lt;urllib3.connection.HTTPConnection object at 0x000002656450D828&gt;: Failed to establish a new connection: [WinError 10061] 由于目标计算机积极拒绝，无法连接。&#x27;)&#x27;: /wd/hub/session</div></td></tr></tbody></table></body></html>